{"/Users/fushimit/project/goblet-righteous/src/DinosaurIcons.jsx": {"path":"/Users/fushimit/project/goblet-righteous/src/DinosaurIcons.jsx","statementMap":{"0":{"start":{"line":4,"column":29},"end":{"line":24,"column":null}},"1":{"start":{"line":5,"column":2},"end":{"line":24,"column":null}},"2":{"start":{"line":28,"column":20},"end":{"line":59,"column":null}},"3":{"start":{"line":29,"column":2},"end":{"line":59,"column":null}},"4":{"start":{"line":63,"column":27},"end":{"line":85,"column":null}},"5":{"start":{"line":64,"column":2},"end":{"line":85,"column":null}},"6":{"start":{"line":89,"column":23},"end":{"line":101,"column":null}},"7":{"start":{"line":90,"column":2},"end":{"line":101,"column":null}},"8":{"start":{"line":105,"column":36},"end":{"line":113,"column":null}},"9":{"start":{"line":106,"column":2},"end":{"line":112,"column":null}},"10":{"start":{"line":107,"column":12},"end":{"line":107,"column":null}},"11":{"start":{"line":108,"column":12},"end":{"line":108,"column":null}},"12":{"start":{"line":109,"column":12},"end":{"line":109,"column":null}},"13":{"start":{"line":110,"column":12},"end":{"line":110,"column":null}},"14":{"start":{"line":111,"column":13},"end":{"line":111,"column":null}}},"fnMap":{"0":{"name":"(anonymous_0)","decl":{"start":{"line":4,"column":29},"end":{"line":4,"column":30}},"loc":{"start":{"line":5,"column":2},"end":{"line":24,"column":null}},"line":5},"1":{"name":"(anonymous_1)","decl":{"start":{"line":28,"column":20},"end":{"line":28,"column":21}},"loc":{"start":{"line":29,"column":2},"end":{"line":59,"column":null}},"line":29},"2":{"name":"(anonymous_2)","decl":{"start":{"line":63,"column":27},"end":{"line":63,"column":28}},"loc":{"start":{"line":64,"column":2},"end":{"line":85,"column":null}},"line":64},"3":{"name":"(anonymous_3)","decl":{"start":{"line":89,"column":23},"end":{"line":89,"column":24}},"loc":{"start":{"line":90,"column":2},"end":{"line":101,"column":null}},"line":90},"4":{"name":"(anonymous_4)","decl":{"start":{"line":105,"column":36},"end":{"line":105,"column":37}},"loc":{"start":{"line":105,"column":46},"end":{"line":113,"column":null}},"line":105}},"branchMap":{"0":{"loc":{"start":{"line":106,"column":2},"end":{"line":112,"column":null}},"type":"switch","locations":[{"start":{"line":107,"column":4},"end":{"line":107,"column":null}},{"start":{"line":108,"column":4},"end":{"line":108,"column":null}},{"start":{"line":109,"column":4},"end":{"line":109,"column":null}},{"start":{"line":110,"column":4},"end":{"line":110,"column":null}},{"start":{"line":111,"column":4},"end":{"line":111,"column":null}}],"line":106}},"s":{"0":4,"1":120,"2":4,"3":0,"4":4,"5":0,"6":4,"7":0,"8":4,"9":120,"10":120,"11":0,"12":0,"13":0,"14":0},"f":{"0":120,"1":0,"2":0,"3":0,"4":120},"b":{"0":[120,0,0,0,0]},"meta":{"lastBranch":1,"lastFunction":5,"lastStatement":15,"seen":{"s:4:29:24:Infinity":0,"f:4:29:4:30":0,"s:5:2:24:Infinity":1,"s:28:20:59:Infinity":2,"f:28:20:28:21":1,"s:29:2:59:Infinity":3,"s:63:27:85:Infinity":4,"f:63:27:63:28":2,"s:64:2:85:Infinity":5,"s:89:23:101:Infinity":6,"f:89:23:89:24":3,"s:90:2:101:Infinity":7,"s:105:36:113:Infinity":8,"f:105:36:105:37":4,"b:107:4:107:Infinity:108:4:108:Infinity:109:4:109:Infinity:110:4:110:Infinity:111:4:111:Infinity":0,"s:106:2:112:Infinity":9,"s:107:12:107:Infinity":10,"s:108:12:108:Infinity":11,"s:109:12:109:Infinity":12,"s:110:12:110:Infinity":13,"s:111:13:111:Infinity":14}}}
,"/Users/fushimit/project/goblet-righteous/src/Gobblet.jsx": {"path":"/Users/fushimit/project/goblet-righteous/src/Gobblet.jsx","statementMap":{"0":{"start":{"line":17,"column":19},"end":{"line":17,"column":null}},"1":{"start":{"line":18,"column":20},"end":{"line":18,"column":null}},"2":{"start":{"line":19,"column":26},"end":{"line":19,"column":null}},"3":{"start":{"line":21,"column":28},"end":{"line":26,"column":null}},"4":{"start":{"line":22,"column":2},"end":{"line":25,"column":null}},"5":{"start":{"line":23,"column":58},"end":{"line":23,"column":74}},"6":{"start":{"line":24,"column":55},"end":{"line":24,"column":71}},"7":{"start":{"line":28,"column":25},"end":{"line":32,"column":null}},"8":{"start":{"line":29,"column":2},"end":{"line":31,"column":null}},"9":{"start":{"line":30,"column":4},"end":{"line":30,"column":null}},"10":{"start":{"line":30,"column":43},"end":{"line":30,"column":45}},"11":{"start":{"line":34,"column":20},"end":{"line":62,"column":null}},"12":{"start":{"line":35,"column":22},"end":{"line":35,"column":null}},"13":{"start":{"line":35,"column":32},"end":{"line":35,"column":null}},"14":{"start":{"line":37,"column":2},"end":{"line":42,"column":null}},"15":{"start":{"line":37,"column":17},"end":{"line":37,"column":20}},"16":{"start":{"line":38,"column":19},"end":{"line":38,"column":null}},"17":{"start":{"line":39,"column":4},"end":{"line":41,"column":null}},"18":{"start":{"line":39,"column":39},"end":{"line":39,"column":71}},"19":{"start":{"line":40,"column":6},"end":{"line":40,"column":null}},"20":{"start":{"line":44,"column":2},"end":{"line":49,"column":null}},"21":{"start":{"line":44,"column":17},"end":{"line":44,"column":20}},"22":{"start":{"line":45,"column":19},"end":{"line":45,"column":null}},"23":{"start":{"line":45,"column":36},"end":{"line":45,"column":57}},"24":{"start":{"line":46,"column":4},"end":{"line":48,"column":null}},"25":{"start":{"line":46,"column":39},"end":{"line":46,"column":71}},"26":{"start":{"line":47,"column":6},"end":{"line":47,"column":null}},"27":{"start":{"line":51,"column":16},"end":{"line":51,"column":null}},"28":{"start":{"line":51,"column":38},"end":{"line":51,"column":62}},"29":{"start":{"line":52,"column":2},"end":{"line":54,"column":null}},"30":{"start":{"line":52,"column":35},"end":{"line":52,"column":66}},"31":{"start":{"line":53,"column":4},"end":{"line":53,"column":null}},"32":{"start":{"line":56,"column":16},"end":{"line":56,"column":null}},"33":{"start":{"line":56,"column":38},"end":{"line":56,"column":66}},"34":{"start":{"line":57,"column":2},"end":{"line":59,"column":null}},"35":{"start":{"line":57,"column":35},"end":{"line":57,"column":66}},"36":{"start":{"line":58,"column":4},"end":{"line":58,"column":null}},"37":{"start":{"line":61,"column":2},"end":{"line":61,"column":null}},"38":{"start":{"line":64,"column":14},"end":{"line":92,"column":null}},"39":{"start":{"line":65,"column":19},"end":{"line":65,"column":null}},"40":{"start":{"line":66,"column":17},"end":{"line":68,"column":null}},"41":{"start":{"line":70,"column":8},"end":{"line":70,"column":null}},"42":{"start":{"line":72,"column":2},"end":{"line":90,"column":null}},"43":{"start":{"line":94,"column":18},"end":{"line":126,"column":null}},"44":{"start":{"line":95,"column":2},"end":{"line":124,"column":null}},"45":{"start":{"line":97,"column":21},"end":{"line":97,"column":null}},"46":{"start":{"line":128,"column":18},"end":{"line":199,"column":null}},"47":{"start":{"line":129,"column":23},"end":{"line":129,"column":null}},"48":{"start":{"line":131,"column":2},"end":{"line":197,"column":null}},"49":{"start":{"line":155,"column":10},"end":{"line":194,"column":null}},"50":{"start":{"line":158,"column":27},"end":{"line":158,"column":null}},"51":{"start":{"line":202,"column":24},"end":{"line":207,"column":null}},"52":{"start":{"line":210,"column":28},"end":{"line":210,"column":null}},"53":{"start":{"line":213,"column":27},"end":{"line":223,"column":null}},"54":{"start":{"line":214,"column":2},"end":{"line":221,"column":null}},"55":{"start":{"line":215,"column":18},"end":{"line":215,"column":null}},"56":{"start":{"line":216,"column":4},"end":{"line":218,"column":null}},"57":{"start":{"line":217,"column":6},"end":{"line":217,"column":null}},"58":{"start":{"line":220,"column":4},"end":{"line":220,"column":null}},"59":{"start":{"line":222,"column":2},"end":{"line":222,"column":null}},"60":{"start":{"line":226,"column":27},"end":{"line":232,"column":null}},"61":{"start":{"line":227,"column":2},"end":{"line":231,"column":null}},"62":{"start":{"line":228,"column":4},"end":{"line":228,"column":null}},"63":{"start":{"line":230,"column":4},"end":{"line":230,"column":null}},"64":{"start":{"line":236,"column":8},"end":{"line":236,"column":null}},"65":{"start":{"line":237,"column":8},"end":{"line":237,"column":null}},"66":{"start":{"line":238,"column":8},"end":{"line":238,"column":null}},"67":{"start":{"line":240,"column":24},"end":{"line":240,"column":null}},"68":{"start":{"line":241,"column":26},"end":{"line":241,"column":null}},"69":{"start":{"line":242,"column":36},"end":{"line":242,"column":null}},"70":{"start":{"line":243,"column":40},"end":{"line":243,"column":null}},"71":{"start":{"line":244,"column":26},"end":{"line":244,"column":null}},"72":{"start":{"line":245,"column":34},"end":{"line":245,"column":null}},"73":{"start":{"line":246,"column":36},"end":{"line":246,"column":null}},"74":{"start":{"line":247,"column":28},"end":{"line":247,"column":null}},"75":{"start":{"line":248,"column":30},"end":{"line":248,"column":null}},"76":{"start":{"line":249,"column":28},"end":{"line":249,"column":null}},"77":{"start":{"line":250,"column":36},"end":{"line":250,"column":null}},"78":{"start":{"line":251,"column":36},"end":{"line":251,"column":null}},"79":{"start":{"line":252,"column":42},"end":{"line":252,"column":null}},"80":{"start":{"line":255,"column":2},"end":{"line":267,"column":null}},"81":{"start":{"line":256,"column":26},"end":{"line":259,"column":null}},"82":{"start":{"line":257,"column":17},"end":{"line":257,"column":null}},"83":{"start":{"line":258,"column":6},"end":{"line":258,"column":null}},"84":{"start":{"line":261,"column":4},"end":{"line":261,"column":null}},"85":{"start":{"line":262,"column":4},"end":{"line":262,"column":null}},"86":{"start":{"line":264,"column":4},"end":{"line":266,"column":null}},"87":{"start":{"line":265,"column":6},"end":{"line":265,"column":null}},"88":{"start":{"line":270,"column":8},"end":{"line":276,"column":null}},"89":{"start":{"line":271,"column":4},"end":{"line":275,"column":null}},"90":{"start":{"line":279,"column":8},"end":{"line":299,"column":null}},"91":{"start":{"line":280,"column":15},"end":{"line":280,"column":null}},"92":{"start":{"line":281,"column":15},"end":{"line":281,"column":null}},"93":{"start":{"line":283,"column":28},"end":{"line":283,"column":null}},"94":{"start":{"line":284,"column":30},"end":{"line":284,"column":null}},"95":{"start":{"line":286,"column":27},"end":{"line":286,"column":null}},"96":{"start":{"line":287,"column":29},"end":{"line":287,"column":null}},"97":{"start":{"line":290,"column":10},"end":{"line":290,"column":null}},"98":{"start":{"line":292,"column":27},"end":{"line":295,"column":null}},"99":{"start":{"line":298,"column":4},"end":{"line":298,"column":null}},"100":{"start":{"line":302,"column":2},"end":{"line":304,"column":null}},"101":{"start":{"line":303,"column":4},"end":{"line":303,"column":null}},"102":{"start":{"line":306,"column":20},"end":{"line":315,"column":null}},"103":{"start":{"line":307,"column":4},"end":{"line":307,"column":null}},"104":{"start":{"line":308,"column":4},"end":{"line":308,"column":null}},"105":{"start":{"line":309,"column":4},"end":{"line":309,"column":null}},"106":{"start":{"line":310,"column":4},"end":{"line":310,"column":null}},"107":{"start":{"line":311,"column":4},"end":{"line":311,"column":null}},"108":{"start":{"line":312,"column":4},"end":{"line":312,"column":null}},"109":{"start":{"line":313,"column":4},"end":{"line":313,"column":null}},"110":{"start":{"line":314,"column":4},"end":{"line":314,"column":null}},"111":{"start":{"line":317,"column":30},"end":{"line":321,"column":null}},"112":{"start":{"line":318,"column":23},"end":{"line":318,"column":null}},"113":{"start":{"line":319,"column":4},"end":{"line":319,"column":null}},"114":{"start":{"line":320,"column":4},"end":{"line":320,"column":null}},"115":{"start":{"line":323,"column":20},"end":{"line":327,"column":null}},"116":{"start":{"line":324,"column":4},"end":{"line":324,"column":null}},"117":{"start":{"line":325,"column":4},"end":{"line":325,"column":null}},"118":{"start":{"line":326,"column":4},"end":{"line":326,"column":null}},"119":{"start":{"line":329,"column":21},"end":{"line":339,"column":null}},"120":{"start":{"line":330,"column":22},"end":{"line":330,"column":null}},"121":{"start":{"line":331,"column":22},"end":{"line":331,"column":null}},"122":{"start":{"line":332,"column":15},"end":{"line":332,"column":null}},"123":{"start":{"line":333,"column":4},"end":{"line":338,"column":null}},"124":{"start":{"line":334,"column":6},"end":{"line":334,"column":null}},"125":{"start":{"line":336,"column":19},"end":{"line":336,"column":null}},"126":{"start":{"line":337,"column":6},"end":{"line":337,"column":null}},"127":{"start":{"line":341,"column":22},"end":{"line":357,"column":null}},"128":{"start":{"line":342,"column":20},"end":{"line":348,"column":null}},"129":{"start":{"line":350,"column":4},"end":{"line":356,"column":null}},"130":{"start":{"line":351,"column":6},"end":{"line":351,"column":null}},"131":{"start":{"line":352,"column":6},"end":{"line":352,"column":null}},"132":{"start":{"line":353,"column":6},"end":{"line":353,"column":null}},"133":{"start":{"line":353,"column":23},"end":{"line":353,"column":46}},"134":{"start":{"line":355,"column":6},"end":{"line":355,"column":null}},"135":{"start":{"line":359,"column":8},"end":{"line":408,"column":null}},"136":{"start":{"line":360,"column":18},"end":{"line":360,"column":null}},"137":{"start":{"line":362,"column":4},"end":{"line":380,"column":null}},"138":{"start":{"line":363,"column":6},"end":{"line":379,"column":null}},"139":{"start":{"line":364,"column":26},"end":{"line":364,"column":null}},"140":{"start":{"line":365,"column":8},"end":{"line":378,"column":null}},"141":{"start":{"line":365,"column":23},"end":{"line":365,"column":26}},"142":{"start":{"line":366,"column":10},"end":{"line":377,"column":null}},"143":{"start":{"line":366,"column":25},"end":{"line":366,"column":28}},"144":{"start":{"line":367,"column":25},"end":{"line":367,"column":null}},"145":{"start":{"line":368,"column":12},"end":{"line":376,"column":null}},"146":{"start":{"line":369,"column":14},"end":{"line":375,"column":null}},"147":{"start":{"line":382,"column":4},"end":{"line":405,"column":null}},"148":{"start":{"line":382,"column":19},"end":{"line":382,"column":22}},"149":{"start":{"line":383,"column":6},"end":{"line":404,"column":null}},"150":{"start":{"line":383,"column":21},"end":{"line":383,"column":24}},"151":{"start":{"line":384,"column":21},"end":{"line":384,"column":null}},"152":{"start":{"line":385,"column":8},"end":{"line":403,"column":null}},"153":{"start":{"line":386,"column":24},"end":{"line":386,"column":null}},"154":{"start":{"line":387,"column":10},"end":{"line":402,"column":null}},"155":{"start":{"line":387,"column":27},"end":{"line":387,"column":30}},"156":{"start":{"line":388,"column":12},"end":{"line":401,"column":null}},"157":{"start":{"line":388,"column":29},"end":{"line":388,"column":32}},"158":{"start":{"line":389,"column":14},"end":{"line":389,"column":null}},"159":{"start":{"line":389,"column":50},"end":{"line":389,"column":null}},"160":{"start":{"line":390,"column":33},"end":{"line":390,"column":null}},"161":{"start":{"line":391,"column":14},"end":{"line":400,"column":null}},"162":{"start":{"line":392,"column":16},"end":{"line":399,"column":null}},"163":{"start":{"line":407,"column":4},"end":{"line":407,"column":null}},"164":{"start":{"line":410,"column":8},"end":{"line":427,"column":null}},"165":{"start":{"line":411,"column":21},"end":{"line":411,"column":null}},"166":{"start":{"line":411,"column":38},"end":{"line":411,"column":64}},"167":{"start":{"line":411,"column":54},"end":{"line":411,"column":63}},"168":{"start":{"line":412,"column":22},"end":{"line":415,"column":null}},"169":{"start":{"line":413,"column":37},"end":{"line":413,"column":43}},"170":{"start":{"line":414,"column":31},"end":{"line":414,"column":37}},"171":{"start":{"line":418,"column":4},"end":{"line":422,"column":null}},"172":{"start":{"line":419,"column":6},"end":{"line":419,"column":null}},"173":{"start":{"line":421,"column":6},"end":{"line":421,"column":null}},"174":{"start":{"line":424,"column":4},"end":{"line":424,"column":null}},"175":{"start":{"line":426,"column":4},"end":{"line":426,"column":null}},"176":{"start":{"line":429,"column":8},"end":{"line":505,"column":null}},"177":{"start":{"line":430,"column":21},"end":{"line":430,"column":null}},"178":{"start":{"line":431,"column":24},"end":{"line":431,"column":null}},"179":{"start":{"line":431,"column":34},"end":{"line":431,"column":null}},"180":{"start":{"line":433,"column":16},"end":{"line":433,"column":null}},"181":{"start":{"line":434,"column":18},"end":{"line":434,"column":null}},"182":{"start":{"line":436,"column":4},"end":{"line":439,"column":null}},"183":{"start":{"line":436,"column":17},"end":{"line":436,"column":20}},"184":{"start":{"line":437,"column":6},"end":{"line":437,"column":null}},"185":{"start":{"line":438,"column":6},"end":{"line":438,"column":null}},"186":{"start":{"line":438,"column":34},"end":{"line":438,"column":53}},"187":{"start":{"line":440,"column":4},"end":{"line":440,"column":null}},"188":{"start":{"line":440,"column":37},"end":{"line":440,"column":61}},"189":{"start":{"line":441,"column":4},"end":{"line":441,"column":null}},"190":{"start":{"line":441,"column":37},"end":{"line":441,"column":65}},"191":{"start":{"line":443,"column":26},"end":{"line":443,"column":null}},"192":{"start":{"line":444,"column":29},"end":{"line":444,"column":null}},"193":{"start":{"line":446,"column":4},"end":{"line":466,"column":null}},"194":{"start":{"line":447,"column":25},"end":{"line":447,"column":null}},"195":{"start":{"line":447,"column":42},"end":{"line":447,"column":64}},"196":{"start":{"line":448,"column":28},"end":{"line":448,"column":null}},"197":{"start":{"line":448,"column":45},"end":{"line":448,"column":70}},"198":{"start":{"line":450,"column":6},"end":{"line":457,"column":null}},"199":{"start":{"line":451,"column":8},"end":{"line":451,"column":null}},"200":{"start":{"line":452,"column":8},"end":{"line":452,"column":null}},"201":{"start":{"line":452,"column":30},"end":{"line":452,"column":null}},"202":{"start":{"line":453,"column":8},"end":{"line":456,"column":null}},"203":{"start":{"line":454,"column":10},"end":{"line":454,"column":null}},"204":{"start":{"line":455,"column":10},"end":{"line":455,"column":null}},"205":{"start":{"line":458,"column":6},"end":{"line":465,"column":null}},"206":{"start":{"line":459,"column":8},"end":{"line":459,"column":null}},"207":{"start":{"line":460,"column":8},"end":{"line":460,"column":null}},"208":{"start":{"line":460,"column":33},"end":{"line":460,"column":null}},"209":{"start":{"line":461,"column":8},"end":{"line":464,"column":null}},"210":{"start":{"line":462,"column":10},"end":{"line":462,"column":null}},"211":{"start":{"line":463,"column":10},"end":{"line":463,"column":null}},"212":{"start":{"line":469,"column":4},"end":{"line":469,"column":null}},"213":{"start":{"line":469,"column":30},"end":{"line":469,"column":null}},"214":{"start":{"line":470,"column":4},"end":{"line":470,"column":null}},"215":{"start":{"line":470,"column":33},"end":{"line":470,"column":null}},"216":{"start":{"line":473,"column":24},"end":{"line":473,"column":null}},"217":{"start":{"line":474,"column":4},"end":{"line":480,"column":null}},"218":{"start":{"line":475,"column":20},"end":{"line":475,"column":null}},"219":{"start":{"line":476,"column":6},"end":{"line":479,"column":null}},"220":{"start":{"line":477,"column":8},"end":{"line":478,"column":null}},"221":{"start":{"line":477,"column":35},"end":{"line":477,"column":null}},"222":{"start":{"line":478,"column":13},"end":{"line":478,"column":null}},"223":{"start":{"line":483,"column":24},"end":{"line":483,"column":null}},"224":{"start":{"line":484,"column":4},"end":{"line":490,"column":null}},"225":{"start":{"line":485,"column":20},"end":{"line":485,"column":null}},"226":{"start":{"line":486,"column":6},"end":{"line":489,"column":null}},"227":{"start":{"line":487,"column":8},"end":{"line":488,"column":null}},"228":{"start":{"line":487,"column":35},"end":{"line":487,"column":null}},"229":{"start":{"line":488,"column":13},"end":{"line":488,"column":null}},"230":{"start":{"line":493,"column":4},"end":{"line":500,"column":null}},"231":{"start":{"line":493,"column":19},"end":{"line":493,"column":22}},"232":{"start":{"line":494,"column":6},"end":{"line":499,"column":null}},"233":{"start":{"line":494,"column":21},"end":{"line":494,"column":24}},"234":{"start":{"line":495,"column":22},"end":{"line":495,"column":null}},"235":{"start":{"line":496,"column":8},"end":{"line":498,"column":null}},"236":{"start":{"line":497,"column":10},"end":{"line":497,"column":null}},"237":{"start":{"line":502,"column":4},"end":{"line":502,"column":null}},"238":{"start":{"line":504,"column":4},"end":{"line":504,"column":null}},"239":{"start":{"line":507,"column":8},"end":{"line":527,"column":null}},"240":{"start":{"line":508,"column":24},"end":{"line":508,"column":null}},"241":{"start":{"line":508,"column":34},"end":{"line":508,"column":null}},"242":{"start":{"line":509,"column":18},"end":{"line":509,"column":null}},"243":{"start":{"line":511,"column":4},"end":{"line":514,"column":null}},"244":{"start":{"line":511,"column":17},"end":{"line":511,"column":20}},"245":{"start":{"line":512,"column":6},"end":{"line":512,"column":null}},"246":{"start":{"line":513,"column":6},"end":{"line":513,"column":null}},"247":{"start":{"line":513,"column":34},"end":{"line":513,"column":53}},"248":{"start":{"line":515,"column":4},"end":{"line":515,"column":null}},"249":{"start":{"line":515,"column":37},"end":{"line":515,"column":61}},"250":{"start":{"line":516,"column":4},"end":{"line":516,"column":null}},"251":{"start":{"line":516,"column":37},"end":{"line":516,"column":65}},"252":{"start":{"line":518,"column":22},"end":{"line":518,"column":null}},"253":{"start":{"line":519,"column":4},"end":{"line":525,"column":null}},"254":{"start":{"line":520,"column":26},"end":{"line":520,"column":null}},"255":{"start":{"line":520,"column":43},"end":{"line":520,"column":68}},"256":{"start":{"line":521,"column":23},"end":{"line":521,"column":null}},"257":{"start":{"line":521,"column":40},"end":{"line":521,"column":62}},"258":{"start":{"line":522,"column":6},"end":{"line":524,"column":null}},"259":{"start":{"line":523,"column":8},"end":{"line":523,"column":null}},"260":{"start":{"line":526,"column":4},"end":{"line":526,"column":null}},"261":{"start":{"line":529,"column":8},"end":{"line":561,"column":null}},"262":{"start":{"line":530,"column":26},"end":{"line":530,"column":null}},"263":{"start":{"line":531,"column":4},"end":{"line":531,"column":null}},"264":{"start":{"line":531,"column":33},"end":{"line":531,"column":null}},"265":{"start":{"line":532,"column":4},"end":{"line":532,"column":null}},"266":{"start":{"line":532,"column":36},"end":{"line":532,"column":null}},"267":{"start":{"line":533,"column":4},"end":{"line":533,"column":null}},"268":{"start":{"line":533,"column":21},"end":{"line":533,"column":null}},"269":{"start":{"line":535,"column":25},"end":{"line":535,"column":null}},"270":{"start":{"line":536,"column":18},"end":{"line":536,"column":null}},"271":{"start":{"line":538,"column":4},"end":{"line":538,"column":null}},"272":{"start":{"line":538,"column":28},"end":{"line":538,"column":null}},"273":{"start":{"line":540,"column":4},"end":{"line":560,"column":null}},"274":{"start":{"line":541,"column":20},"end":{"line":541,"column":null}},"275":{"start":{"line":542,"column":6},"end":{"line":548,"column":null}},"276":{"start":{"line":543,"column":40},"end":{"line":543,"column":null}},"277":{"start":{"line":544,"column":26},"end":{"line":544,"column":null}},"278":{"start":{"line":545,"column":8},"end":{"line":545,"column":null}},"279":{"start":{"line":546,"column":8},"end":{"line":546,"column":null}},"280":{"start":{"line":547,"column":8},"end":{"line":547,"column":null}},"281":{"start":{"line":547,"column":27},"end":{"line":547,"column":null}},"282":{"start":{"line":549,"column":6},"end":{"line":549,"column":null}},"283":{"start":{"line":551,"column":20},"end":{"line":551,"column":null}},"284":{"start":{"line":552,"column":6},"end":{"line":558,"column":null}},"285":{"start":{"line":553,"column":40},"end":{"line":553,"column":null}},"286":{"start":{"line":554,"column":26},"end":{"line":554,"column":null}},"287":{"start":{"line":555,"column":8},"end":{"line":555,"column":null}},"288":{"start":{"line":556,"column":8},"end":{"line":556,"column":null}},"289":{"start":{"line":557,"column":8},"end":{"line":557,"column":null}},"290":{"start":{"line":557,"column":27},"end":{"line":557,"column":null}},"291":{"start":{"line":559,"column":6},"end":{"line":559,"column":null}},"292":{"start":{"line":563,"column":8},"end":{"line":581,"column":null}},"293":{"start":{"line":565,"column":4},"end":{"line":565,"column":null}},"294":{"start":{"line":565,"column":31},"end":{"line":565,"column":null}},"295":{"start":{"line":567,"column":21},"end":{"line":567,"column":null}},"296":{"start":{"line":568,"column":4},"end":{"line":568,"column":null}},"297":{"start":{"line":568,"column":30},"end":{"line":568,"column":null}},"298":{"start":{"line":570,"column":25},"end":{"line":570,"column":null}},"299":{"start":{"line":571,"column":37},"end":{"line":571,"column":null}},"300":{"start":{"line":571,"column":60},"end":{"line":571,"column":80}},"301":{"start":{"line":573,"column":4},"end":{"line":573,"column":null}},"302":{"start":{"line":573,"column":35},"end":{"line":573,"column":null}},"303":{"start":{"line":576,"column":29},"end":{"line":576,"column":null}},"304":{"start":{"line":576,"column":53},"end":{"line":576,"column":79}},"305":{"start":{"line":576,"column":69},"end":{"line":576,"column":78}},"306":{"start":{"line":577,"column":4},"end":{"line":577,"column":null}},"307":{"start":{"line":580,"column":4},"end":{"line":580,"column":null}},"308":{"start":{"line":583,"column":8},"end":{"line":609,"column":null}},"309":{"start":{"line":584,"column":67},"end":{"line":584,"column":null}},"310":{"start":{"line":587,"column":4},"end":{"line":587,"column":null}},"311":{"start":{"line":587,"column":46},"end":{"line":587,"column":null}},"312":{"start":{"line":590,"column":4},"end":{"line":592,"column":null}},"313":{"start":{"line":591,"column":6},"end":{"line":591,"column":null}},"314":{"start":{"line":594,"column":29},"end":{"line":594,"column":null}},"315":{"start":{"line":596,"column":4},"end":{"line":606,"column":null}},"316":{"start":{"line":597,"column":45},"end":{"line":597,"column":null}},"317":{"start":{"line":599,"column":6},"end":{"line":601,"column":null}},"318":{"start":{"line":600,"column":8},"end":{"line":600,"column":null}},"319":{"start":{"line":603,"column":6},"end":{"line":605,"column":null}},"320":{"start":{"line":604,"column":8},"end":{"line":604,"column":null}},"321":{"start":{"line":608,"column":4},"end":{"line":608,"column":null}},"322":{"start":{"line":611,"column":8},"end":{"line":626,"column":null}},"323":{"start":{"line":612,"column":67},"end":{"line":612,"column":null}},"324":{"start":{"line":614,"column":4},"end":{"line":614,"column":null}},"325":{"start":{"line":614,"column":46},"end":{"line":614,"column":null}},"326":{"start":{"line":616,"column":29},"end":{"line":616,"column":null}},"327":{"start":{"line":618,"column":4},"end":{"line":623,"column":null}},"328":{"start":{"line":619,"column":45},"end":{"line":619,"column":null}},"329":{"start":{"line":620,"column":6},"end":{"line":622,"column":null}},"330":{"start":{"line":621,"column":8},"end":{"line":621,"column":null}},"331":{"start":{"line":625,"column":4},"end":{"line":625,"column":null}},"332":{"start":{"line":628,"column":8},"end":{"line":658,"column":null}},"333":{"start":{"line":629,"column":23},"end":{"line":629,"column":null}},"334":{"start":{"line":629,"column":44},"end":{"line":629,"column":90}},"335":{"start":{"line":630,"column":4},"end":{"line":630,"column":null}},"336":{"start":{"line":630,"column":33},"end":{"line":630,"column":null}},"337":{"start":{"line":633,"column":4},"end":{"line":633,"column":null}},"338":{"start":{"line":633,"column":30},"end":{"line":633,"column":55}},"339":{"start":{"line":635,"column":4},"end":{"line":655,"column":null}},"340":{"start":{"line":636,"column":38},"end":{"line":636,"column":null}},"341":{"start":{"line":639,"column":31},"end":{"line":639,"column":null}},"342":{"start":{"line":640,"column":25},"end":{"line":640,"column":null}},"343":{"start":{"line":642,"column":6},"end":{"line":650,"column":null}},"344":{"start":{"line":643,"column":8},"end":{"line":649,"column":null}},"345":{"start":{"line":644,"column":49},"end":{"line":644,"column":null}},"346":{"start":{"line":645,"column":10},"end":{"line":648,"column":null}},"347":{"start":{"line":646,"column":12},"end":{"line":646,"column":null}},"348":{"start":{"line":647,"column":12},"end":{"line":647,"column":null}},"349":{"start":{"line":652,"column":6},"end":{"line":654,"column":null}},"350":{"start":{"line":653,"column":8},"end":{"line":653,"column":null}},"351":{"start":{"line":657,"column":4},"end":{"line":657,"column":null}},"352":{"start":{"line":660,"column":8},"end":{"line":776,"column":null}},"353":{"start":{"line":661,"column":18},"end":{"line":661,"column":null}},"354":{"start":{"line":662,"column":4},"end":{"line":662,"column":null}},"355":{"start":{"line":662,"column":28},"end":{"line":662,"column":null}},"356":{"start":{"line":664,"column":4},"end":{"line":666,"column":null}},"357":{"start":{"line":665,"column":6},"end":{"line":665,"column":null}},"358":{"start":{"line":668,"column":4},"end":{"line":673,"column":null}},"359":{"start":{"line":669,"column":27},"end":{"line":669,"column":null}},"360":{"start":{"line":670,"column":6},"end":{"line":672,"column":null}},"361":{"start":{"line":671,"column":8},"end":{"line":671,"column":null}},"362":{"start":{"line":675,"column":24},"end":{"line":675,"column":null}},"363":{"start":{"line":676,"column":4},"end":{"line":700,"column":null}},"364":{"start":{"line":677,"column":38},"end":{"line":677,"column":null}},"365":{"start":{"line":678,"column":6},"end":{"line":699,"column":null}},"366":{"start":{"line":679,"column":8},"end":{"line":698,"column":null}},"367":{"start":{"line":681,"column":28},"end":{"line":681,"column":null}},"368":{"start":{"line":682,"column":10},"end":{"line":684,"column":null}},"369":{"start":{"line":683,"column":12},"end":{"line":683,"column":null}},"370":{"start":{"line":686,"column":29},"end":{"line":686,"column":null}},"371":{"start":{"line":686,"column":47},"end":{"line":686,"column":107}},"372":{"start":{"line":687,"column":10},"end":{"line":690,"column":null}},"373":{"start":{"line":688,"column":12},"end":{"line":688,"column":null}},"374":{"start":{"line":688,"column":38},"end":{"line":688,"column":63}},"375":{"start":{"line":689,"column":12},"end":{"line":689,"column":null}},"376":{"start":{"line":693,"column":29},"end":{"line":693,"column":null}},"377":{"start":{"line":693,"column":47},"end":{"line":693,"column":107}},"378":{"start":{"line":694,"column":10},"end":{"line":697,"column":null}},"379":{"start":{"line":695,"column":12},"end":{"line":695,"column":null}},"380":{"start":{"line":695,"column":38},"end":{"line":695,"column":63}},"381":{"start":{"line":696,"column":12},"end":{"line":696,"column":null}},"382":{"start":{"line":702,"column":4},"end":{"line":715,"column":null}},"383":{"start":{"line":703,"column":21},"end":{"line":703,"column":null}},"384":{"start":{"line":704,"column":22},"end":{"line":704,"column":null}},"385":{"start":{"line":706,"column":6},"end":{"line":713,"column":null}},"386":{"start":{"line":707,"column":29},"end":{"line":707,"column":null}},"387":{"start":{"line":708,"column":22},"end":{"line":708,"column":null}},"388":{"start":{"line":709,"column":8},"end":{"line":712,"column":null}},"389":{"start":{"line":710,"column":10},"end":{"line":710,"column":null}},"390":{"start":{"line":711,"column":10},"end":{"line":711,"column":null}},"391":{"start":{"line":714,"column":6},"end":{"line":714,"column":null}},"392":{"start":{"line":717,"column":27},"end":{"line":717,"column":null}},"393":{"start":{"line":719,"column":4},"end":{"line":745,"column":null}},"394":{"start":{"line":720,"column":27},"end":{"line":720,"column":null}},"395":{"start":{"line":721,"column":6},"end":{"line":731,"column":null}},"396":{"start":{"line":722,"column":26},"end":{"line":722,"column":null}},"397":{"start":{"line":722,"column":47},"end":{"line":722,"column":78}},"398":{"start":{"line":723,"column":8},"end":{"line":730,"column":null}},"399":{"start":{"line":724,"column":10},"end":{"line":724,"column":null}},"400":{"start":{"line":726,"column":33},"end":{"line":726,"column":null}},"401":{"start":{"line":726,"column":54},"end":{"line":726,"column":94}},"402":{"start":{"line":727,"column":10},"end":{"line":729,"column":null}},"403":{"start":{"line":728,"column":12},"end":{"line":728,"column":null}},"404":{"start":{"line":733,"column":21},"end":{"line":733,"column":null}},"405":{"start":{"line":734,"column":22},"end":{"line":734,"column":null}},"406":{"start":{"line":736,"column":6},"end":{"line":743,"column":null}},"407":{"start":{"line":737,"column":40},"end":{"line":737,"column":null}},"408":{"start":{"line":738,"column":22},"end":{"line":738,"column":null}},"409":{"start":{"line":739,"column":8},"end":{"line":742,"column":null}},"410":{"start":{"line":740,"column":10},"end":{"line":740,"column":null}},"411":{"start":{"line":741,"column":10},"end":{"line":741,"column":null}},"412":{"start":{"line":744,"column":6},"end":{"line":744,"column":null}},"413":{"start":{"line":748,"column":25},"end":{"line":748,"column":null}},"414":{"start":{"line":749,"column":4},"end":{"line":759,"column":null}},"415":{"start":{"line":750,"column":24},"end":{"line":750,"column":null}},"416":{"start":{"line":750,"column":45},"end":{"line":750,"column":76}},"417":{"start":{"line":751,"column":6},"end":{"line":758,"column":null}},"418":{"start":{"line":752,"column":8},"end":{"line":752,"column":null}},"419":{"start":{"line":754,"column":31},"end":{"line":754,"column":null}},"420":{"start":{"line":754,"column":52},"end":{"line":754,"column":92}},"421":{"start":{"line":755,"column":8},"end":{"line":757,"column":null}},"422":{"start":{"line":756,"column":10},"end":{"line":756,"column":null}},"423":{"start":{"line":761,"column":19},"end":{"line":761,"column":null}},"424":{"start":{"line":762,"column":20},"end":{"line":762,"column":null}},"425":{"start":{"line":763,"column":28},"end":{"line":763,"column":null}},"426":{"start":{"line":765,"column":4},"end":{"line":773,"column":null}},"427":{"start":{"line":765,"column":17},"end":{"line":765,"column":20}},"428":{"start":{"line":766,"column":19},"end":{"line":766,"column":null}},"429":{"start":{"line":767,"column":38},"end":{"line":767,"column":null}},"430":{"start":{"line":768,"column":20},"end":{"line":768,"column":null}},"431":{"start":{"line":769,"column":6},"end":{"line":772,"column":null}},"432":{"start":{"line":770,"column":8},"end":{"line":770,"column":null}},"433":{"start":{"line":771,"column":8},"end":{"line":771,"column":null}},"434":{"start":{"line":775,"column":4},"end":{"line":775,"column":null}},"435":{"start":{"line":778,"column":2},"end":{"line":802,"column":null}},"436":{"start":{"line":779,"column":4},"end":{"line":801,"column":null}},"437":{"start":{"line":780,"column":6},"end":{"line":780,"column":null}},"438":{"start":{"line":781,"column":20},"end":{"line":781,"column":null}},"439":{"start":{"line":782,"column":20},"end":{"line":799,"column":null}},"440":{"start":{"line":783,"column":21},"end":{"line":783,"column":null}},"441":{"start":{"line":784,"column":8},"end":{"line":798,"column":null}},"442":{"start":{"line":785,"column":10},"end":{"line":785,"column":null}},"443":{"start":{"line":785,"column":29},"end":{"line":785,"column":63}},"444":{"start":{"line":786,"column":42},"end":{"line":786,"column":null}},"445":{"start":{"line":787,"column":10},"end":{"line":787,"column":null}},"446":{"start":{"line":788,"column":10},"end":{"line":788,"column":null}},"447":{"start":{"line":790,"column":29},"end":{"line":790,"column":null}},"448":{"start":{"line":791,"column":10},"end":{"line":797,"column":null}},"449":{"start":{"line":792,"column":12},"end":{"line":792,"column":null}},"450":{"start":{"line":793,"column":12},"end":{"line":793,"column":null}},"451":{"start":{"line":795,"column":12},"end":{"line":795,"column":null}},"452":{"start":{"line":796,"column":12},"end":{"line":796,"column":null}},"453":{"start":{"line":800,"column":6},"end":{"line":800,"column":null}},"454":{"start":{"line":800,"column":19},"end":{"line":800,"column":null}},"455":{"start":{"line":804,"column":27},"end":{"line":812,"column":null}},"456":{"start":{"line":805,"column":4},"end":{"line":805,"column":null}},"457":{"start":{"line":805,"column":44},"end":{"line":805,"column":null}},"458":{"start":{"line":807,"column":4},"end":{"line":811,"column":null}},"459":{"start":{"line":808,"column":6},"end":{"line":808,"column":null}},"460":{"start":{"line":810,"column":6},"end":{"line":810,"column":null}},"461":{"start":{"line":814,"column":32},"end":{"line":825,"column":null}},"462":{"start":{"line":815,"column":4},"end":{"line":815,"column":null}},"463":{"start":{"line":815,"column":44},"end":{"line":815,"column":null}},"464":{"start":{"line":817,"column":17},"end":{"line":817,"column":null}},"465":{"start":{"line":818,"column":4},"end":{"line":824,"column":null}},"466":{"start":{"line":819,"column":6},"end":{"line":823,"column":null}},"467":{"start":{"line":820,"column":8},"end":{"line":820,"column":null}},"468":{"start":{"line":822,"column":8},"end":{"line":822,"column":null}},"469":{"start":{"line":827,"column":26},"end":{"line":886,"column":null}},"470":{"start":{"line":828,"column":4},"end":{"line":828,"column":null}},"471":{"start":{"line":828,"column":62},"end":{"line":828,"column":null}},"472":{"start":{"line":830,"column":17},"end":{"line":830,"column":null}},"473":{"start":{"line":832,"column":4},"end":{"line":835,"column":null}},"474":{"start":{"line":833,"column":6},"end":{"line":833,"column":null}},"475":{"start":{"line":834,"column":6},"end":{"line":834,"column":null}},"476":{"start":{"line":838,"column":4},"end":{"line":842,"column":null}},"477":{"start":{"line":839,"column":6},"end":{"line":839,"column":null}},"478":{"start":{"line":841,"column":6},"end":{"line":841,"column":null}},"479":{"start":{"line":844,"column":21},"end":{"line":844,"column":null}},"480":{"start":{"line":846,"column":4},"end":{"line":885,"column":null}},"481":{"start":{"line":847,"column":19},"end":{"line":849,"column":null}},"482":{"start":{"line":851,"column":6},"end":{"line":851,"column":null}},"483":{"start":{"line":851,"column":25},"end":{"line":851,"column":62}},"484":{"start":{"line":853,"column":38},"end":{"line":853,"column":null}},"485":{"start":{"line":855,"column":30},"end":{"line":855,"column":null}},"486":{"start":{"line":857,"column":6},"end":{"line":873,"column":null}},"487":{"start":{"line":858,"column":30},"end":{"line":858,"column":null}},"488":{"start":{"line":859,"column":8},"end":{"line":872,"column":null}},"489":{"start":{"line":860,"column":33},"end":{"line":860,"column":null}},"490":{"start":{"line":861,"column":10},"end":{"line":871,"column":null}},"491":{"start":{"line":862,"column":32},"end":{"line":862,"column":null}},"492":{"start":{"line":863,"column":12},"end":{"line":870,"column":null}},"493":{"start":{"line":864,"column":14},"end":{"line":864,"column":null}},"494":{"start":{"line":865,"column":14},"end":{"line":865,"column":null}},"495":{"start":{"line":866,"column":14},"end":{"line":866,"column":null}},"496":{"start":{"line":867,"column":14},"end":{"line":867,"column":null}},"497":{"start":{"line":868,"column":14},"end":{"line":868,"column":null}},"498":{"start":{"line":869,"column":14},"end":{"line":869,"column":null}},"499":{"start":{"line":875,"column":6},"end":{"line":875,"column":null}},"500":{"start":{"line":876,"column":6},"end":{"line":876,"column":null}},"501":{"start":{"line":877,"column":6},"end":{"line":877,"column":null}},"502":{"start":{"line":879,"column":6},"end":{"line":884,"column":null}},"503":{"start":{"line":880,"column":8},"end":{"line":880,"column":null}},"504":{"start":{"line":881,"column":8},"end":{"line":881,"column":null}},"505":{"start":{"line":883,"column":8},"end":{"line":883,"column":null}},"506":{"start":{"line":888,"column":21},"end":{"line":904,"column":null}},"507":{"start":{"line":889,"column":4},"end":{"line":889,"column":null}},"508":{"start":{"line":889,"column":52},"end":{"line":889,"column":null}},"509":{"start":{"line":891,"column":17},"end":{"line":891,"column":null}},"510":{"start":{"line":894,"column":4},"end":{"line":901,"column":null}},"511":{"start":{"line":895,"column":20},"end":{"line":895,"column":null}},"512":{"start":{"line":896,"column":6},"end":{"line":896,"column":null}},"513":{"start":{"line":896,"column":30},"end":{"line":896,"column":null}},"514":{"start":{"line":897,"column":6},"end":{"line":897,"column":null}},"515":{"start":{"line":899,"column":6},"end":{"line":899,"column":null}},"516":{"start":{"line":899,"column":66},"end":{"line":899,"column":null}},"517":{"start":{"line":900,"column":6},"end":{"line":900,"column":null}},"518":{"start":{"line":903,"column":4},"end":{"line":903,"column":null}},"519":{"start":{"line":907,"column":2},"end":{"line":1230,"column":null}},"520":{"start":{"line":908,"column":4},"end":{"line":1228,"column":null}},"521":{"start":{"line":967,"column":33},"end":{"line":967,"column":null}},"522":{"start":{"line":1003,"column":33},"end":{"line":1003,"column":null}},"523":{"start":{"line":1039,"column":33},"end":{"line":1039,"column":null}},"524":{"start":{"line":1075,"column":33},"end":{"line":1075,"column":null}},"525":{"start":{"line":1197,"column":25},"end":{"line":1197,"column":null}},"526":{"start":{"line":1232,"column":2},"end":{"line":1371,"column":null}},"527":{"start":{"line":1235,"column":24},"end":{"line":1235,"column":null}},"528":{"start":{"line":1236,"column":4},"end":{"line":1252,"column":null}},"529":{"start":{"line":1237,"column":6},"end":{"line":1250,"column":null}},"530":{"start":{"line":1255,"column":4},"end":{"line":1369,"column":null}},"531":{"start":{"line":1313,"column":12},"end":{"line":1332,"column":null}},"532":{"start":{"line":1315,"column":29},"end":{"line":1315,"column":null}},"533":{"start":{"line":1338,"column":25},"end":{"line":1338,"column":null}},"534":{"start":{"line":1373,"column":20},"end":{"line":1373,"column":null}},"535":{"start":{"line":1377,"column":22},"end":{"line":1377,"column":null}},"536":{"start":{"line":1378,"column":2},"end":{"line":1402,"column":null}},"537":{"start":{"line":1379,"column":4},"end":{"line":1400,"column":null}},"538":{"start":{"line":1405,"column":2},"end":{"line":1622,"column":null}},"539":{"start":{"line":1494,"column":14},"end":{"line":1510,"column":null}},"540":{"start":{"line":1495,"column":16},"end":{"line":1509,"column":null}},"541":{"start":{"line":1501,"column":20},"end":{"line":1505,"column":null}},"542":{"start":{"line":1502,"column":22},"end":{"line":1502,"column":null}},"543":{"start":{"line":1504,"column":22},"end":{"line":1504,"column":null}},"544":{"start":{"line":1605,"column":25},"end":{"line":1605,"column":null}}},"fnMap":{"0":{"name":"(anonymous_0)","decl":{"start":{"line":21,"column":28},"end":{"line":21,"column":34}},"loc":{"start":{"line":21,"column":34},"end":{"line":26,"column":null}},"line":21},"1":{"name":"(anonymous_1)","decl":{"start":{"line":23,"column":52},"end":{"line":23,"column":58}},"loc":{"start":{"line":23,"column":58},"end":{"line":23,"column":74}},"line":23},"2":{"name":"(anonymous_2)","decl":{"start":{"line":24,"column":49},"end":{"line":24,"column":55}},"loc":{"start":{"line":24,"column":55},"end":{"line":24,"column":71}},"line":24},"3":{"name":"(anonymous_3)","decl":{"start":{"line":28,"column":25},"end":{"line":28,"column":31}},"loc":{"start":{"line":28,"column":31},"end":{"line":32,"column":null}},"line":28},"4":{"name":"(anonymous_4)","decl":{"start":{"line":29,"column":42},"end":{"line":29,"column":null}},"loc":{"start":{"line":30,"column":4},"end":{"line":30,"column":null}},"line":30},"5":{"name":"(anonymous_5)","decl":{"start":{"line":30,"column":37},"end":{"line":30,"column":43}},"loc":{"start":{"line":30,"column":43},"end":{"line":30,"column":45}},"line":30},"6":{"name":"(anonymous_6)","decl":{"start":{"line":34,"column":20},"end":{"line":34,"column":21}},"loc":{"start":{"line":34,"column":31},"end":{"line":62,"column":null}},"line":34},"7":{"name":"(anonymous_7)","decl":{"start":{"line":35,"column":22},"end":{"line":35,"column":23}},"loc":{"start":{"line":35,"column":32},"end":{"line":35,"column":null}},"line":35},"8":{"name":"(anonymous_8)","decl":{"start":{"line":39,"column":34},"end":{"line":39,"column":39}},"loc":{"start":{"line":39,"column":39},"end":{"line":39,"column":71}},"line":39},"9":{"name":"(anonymous_9)","decl":{"start":{"line":45,"column":29},"end":{"line":45,"column":36}},"loc":{"start":{"line":45,"column":36},"end":{"line":45,"column":57}},"line":45},"10":{"name":"(anonymous_10)","decl":{"start":{"line":46,"column":34},"end":{"line":46,"column":39}},"loc":{"start":{"line":46,"column":39},"end":{"line":46,"column":71}},"line":46},"11":{"name":"(anonymous_11)","decl":{"start":{"line":51,"column":33},"end":{"line":51,"column":38}},"loc":{"start":{"line":51,"column":38},"end":{"line":51,"column":62}},"line":51},"12":{"name":"(anonymous_12)","decl":{"start":{"line":52,"column":30},"end":{"line":52,"column":35}},"loc":{"start":{"line":52,"column":35},"end":{"line":52,"column":66}},"line":52},"13":{"name":"(anonymous_13)","decl":{"start":{"line":56,"column":33},"end":{"line":56,"column":38}},"loc":{"start":{"line":56,"column":38},"end":{"line":56,"column":66}},"line":56},"14":{"name":"(anonymous_14)","decl":{"start":{"line":57,"column":30},"end":{"line":57,"column":35}},"loc":{"start":{"line":57,"column":35},"end":{"line":57,"column":66}},"line":57},"15":{"name":"(anonymous_15)","decl":{"start":{"line":64,"column":14},"end":{"line":64,"column":15}},"loc":{"start":{"line":64,"column":73},"end":{"line":92,"column":null}},"line":64},"16":{"name":"(anonymous_16)","decl":{"start":{"line":94,"column":18},"end":{"line":94,"column":19}},"loc":{"start":{"line":94,"column":85},"end":{"line":126,"column":null}},"line":94},"17":{"name":"(anonymous_17)","decl":{"start":{"line":97,"column":15},"end":{"line":97,"column":21}},"loc":{"start":{"line":97,"column":21},"end":{"line":97,"column":null}},"line":97},"18":{"name":"(anonymous_18)","decl":{"start":{"line":128,"column":18},"end":{"line":128,"column":19}},"loc":{"start":{"line":128,"column":113},"end":{"line":199,"column":null}},"line":128},"19":{"name":"(anonymous_19)","decl":{"start":{"line":154,"column":20},"end":{"line":154,"column":21}},"loc":{"start":{"line":155,"column":10},"end":{"line":194,"column":null}},"line":155},"20":{"name":"(anonymous_20)","decl":{"start":{"line":158,"column":21},"end":{"line":158,"column":27}},"loc":{"start":{"line":158,"column":27},"end":{"line":158,"column":null}},"line":158},"21":{"name":"(anonymous_21)","decl":{"start":{"line":213,"column":27},"end":{"line":213,"column":33}},"loc":{"start":{"line":213,"column":33},"end":{"line":223,"column":null}},"line":213},"22":{"name":"(anonymous_22)","decl":{"start":{"line":226,"column":27},"end":{"line":226,"column":28}},"loc":{"start":{"line":226,"column":40},"end":{"line":232,"column":null}},"line":226},"23":{"name":"Gobblet","decl":{"start":{"line":234,"column":24},"end":{"line":234,"column":34}},"loc":{"start":{"line":234,"column":34},"end":{"line":1624,"column":null}},"line":234},"24":{"name":"(anonymous_24)","decl":{"start":{"line":255,"column":12},"end":{"line":255,"column":18}},"loc":{"start":{"line":255,"column":18},"end":{"line":267,"column":5}},"line":255},"25":{"name":"(anonymous_25)","decl":{"start":{"line":256,"column":26},"end":{"line":256,"column":32}},"loc":{"start":{"line":256,"column":32},"end":{"line":259,"column":null}},"line":256},"26":{"name":"(anonymous_26)","decl":{"start":{"line":264,"column":11},"end":{"line":264,"column":17}},"loc":{"start":{"line":264,"column":17},"end":{"line":266,"column":null}},"line":264},"27":{"name":"(anonymous_27)","decl":{"start":{"line":270,"column":38},"end":{"line":270,"column":44}},"loc":{"start":{"line":270,"column":44},"end":{"line":276,"column":5}},"line":270},"28":{"name":"(anonymous_28)","decl":{"start":{"line":279,"column":37},"end":{"line":279,"column":43}},"loc":{"start":{"line":279,"column":43},"end":{"line":299,"column":5}},"line":279},"29":{"name":"(anonymous_29)","decl":{"start":{"line":302,"column":12},"end":{"line":302,"column":18}},"loc":{"start":{"line":302,"column":18},"end":{"line":304,"column":5}},"line":302},"30":{"name":"(anonymous_30)","decl":{"start":{"line":306,"column":20},"end":{"line":306,"column":26}},"loc":{"start":{"line":306,"column":26},"end":{"line":315,"column":null}},"line":306},"31":{"name":"(anonymous_31)","decl":{"start":{"line":317,"column":30},"end":{"line":317,"column":31}},"loc":{"start":{"line":317,"column":46},"end":{"line":321,"column":null}},"line":317},"32":{"name":"(anonymous_32)","decl":{"start":{"line":323,"column":20},"end":{"line":323,"column":21}},"loc":{"start":{"line":323,"column":30},"end":{"line":327,"column":null}},"line":323},"33":{"name":"(anonymous_33)","decl":{"start":{"line":329,"column":21},"end":{"line":329,"column":22}},"loc":{"start":{"line":329,"column":38},"end":{"line":339,"column":null}},"line":329},"34":{"name":"(anonymous_34)","decl":{"start":{"line":341,"column":22},"end":{"line":341,"column":34}},"loc":{"start":{"line":341,"column":34},"end":{"line":357,"column":null}},"line":341},"35":{"name":"(anonymous_35)","decl":{"start":{"line":353,"column":17},"end":{"line":353,"column":23}},"loc":{"start":{"line":353,"column":23},"end":{"line":353,"column":46}},"line":353},"36":{"name":"(anonymous_36)","decl":{"start":{"line":359,"column":36},"end":{"line":359,"column":37}},"loc":{"start":{"line":359,"column":62},"end":{"line":408,"column":5}},"line":359},"37":{"name":"(anonymous_37)","decl":{"start":{"line":362,"column":26},"end":{"line":362,"column":27}},"loc":{"start":{"line":362,"column":49},"end":{"line":380,"column":5}},"line":362},"38":{"name":"(anonymous_38)","decl":{"start":{"line":410,"column":32},"end":{"line":410,"column":33}},"loc":{"start":{"line":410,"column":64},"end":{"line":427,"column":5}},"line":410},"39":{"name":"(anonymous_39)","decl":{"start":{"line":411,"column":31},"end":{"line":411,"column":38}},"loc":{"start":{"line":411,"column":38},"end":{"line":411,"column":64}},"line":411},"40":{"name":"(anonymous_40)","decl":{"start":{"line":411,"column":46},"end":{"line":411,"column":54}},"loc":{"start":{"line":411,"column":54},"end":{"line":411,"column":63}},"line":411},"41":{"name":"(anonymous_41)","decl":{"start":{"line":413,"column":32},"end":{"line":413,"column":37}},"loc":{"start":{"line":413,"column":37},"end":{"line":413,"column":43}},"line":413},"42":{"name":"(anonymous_42)","decl":{"start":{"line":414,"column":26},"end":{"line":414,"column":31}},"loc":{"start":{"line":414,"column":31},"end":{"line":414,"column":37}},"line":414},"43":{"name":"(anonymous_43)","decl":{"start":{"line":429,"column":36},"end":{"line":429,"column":37}},"loc":{"start":{"line":429,"column":54},"end":{"line":505,"column":5}},"line":429},"44":{"name":"(anonymous_44)","decl":{"start":{"line":431,"column":24},"end":{"line":431,"column":25}},"loc":{"start":{"line":431,"column":34},"end":{"line":431,"column":null}},"line":431},"45":{"name":"(anonymous_45)","decl":{"start":{"line":438,"column":27},"end":{"line":438,"column":34}},"loc":{"start":{"line":438,"column":34},"end":{"line":438,"column":53}},"line":438},"46":{"name":"(anonymous_46)","decl":{"start":{"line":440,"column":32},"end":{"line":440,"column":37}},"loc":{"start":{"line":440,"column":37},"end":{"line":440,"column":61}},"line":440},"47":{"name":"(anonymous_47)","decl":{"start":{"line":441,"column":32},"end":{"line":441,"column":37}},"loc":{"start":{"line":441,"column":37},"end":{"line":441,"column":65}},"line":441},"48":{"name":"(anonymous_48)","decl":{"start":{"line":447,"column":37},"end":{"line":447,"column":42}},"loc":{"start":{"line":447,"column":42},"end":{"line":447,"column":64}},"line":447},"49":{"name":"(anonymous_49)","decl":{"start":{"line":448,"column":40},"end":{"line":448,"column":45}},"loc":{"start":{"line":448,"column":45},"end":{"line":448,"column":70}},"line":448},"50":{"name":"(anonymous_50)","decl":{"start":{"line":507,"column":41},"end":{"line":507,"column":42}},"loc":{"start":{"line":507,"column":52},"end":{"line":527,"column":5}},"line":507},"51":{"name":"(anonymous_51)","decl":{"start":{"line":508,"column":24},"end":{"line":508,"column":25}},"loc":{"start":{"line":508,"column":34},"end":{"line":508,"column":null}},"line":508},"52":{"name":"(anonymous_52)","decl":{"start":{"line":513,"column":27},"end":{"line":513,"column":34}},"loc":{"start":{"line":513,"column":34},"end":{"line":513,"column":53}},"line":513},"53":{"name":"(anonymous_53)","decl":{"start":{"line":515,"column":32},"end":{"line":515,"column":37}},"loc":{"start":{"line":515,"column":37},"end":{"line":515,"column":61}},"line":515},"54":{"name":"(anonymous_54)","decl":{"start":{"line":516,"column":32},"end":{"line":516,"column":37}},"loc":{"start":{"line":516,"column":37},"end":{"line":516,"column":65}},"line":516},"55":{"name":"(anonymous_55)","decl":{"start":{"line":520,"column":38},"end":{"line":520,"column":43}},"loc":{"start":{"line":520,"column":43},"end":{"line":520,"column":68}},"line":520},"56":{"name":"(anonymous_56)","decl":{"start":{"line":521,"column":35},"end":{"line":521,"column":40}},"loc":{"start":{"line":521,"column":40},"end":{"line":521,"column":62}},"line":521},"57":{"name":"(anonymous_57)","decl":{"start":{"line":529,"column":30},"end":{"line":529,"column":31}},"loc":{"start":{"line":529,"column":90},"end":{"line":561,"column":5}},"line":529},"58":{"name":"(anonymous_58)","decl":{"start":{"line":563,"column":42},"end":{"line":563,"column":43}},"loc":{"start":{"line":563,"column":66},"end":{"line":581,"column":5}},"line":563},"59":{"name":"(anonymous_59)","decl":{"start":{"line":571,"column":55},"end":{"line":571,"column":60}},"loc":{"start":{"line":571,"column":60},"end":{"line":571,"column":80}},"line":571},"60":{"name":"(anonymous_60)","decl":{"start":{"line":576,"column":46},"end":{"line":576,"column":53}},"loc":{"start":{"line":576,"column":53},"end":{"line":576,"column":79}},"line":576},"61":{"name":"(anonymous_61)","decl":{"start":{"line":576,"column":61},"end":{"line":576,"column":69}},"loc":{"start":{"line":576,"column":69},"end":{"line":576,"column":78}},"line":576},"62":{"name":"(anonymous_62)","decl":{"start":{"line":583,"column":33},"end":{"line":583,"column":34}},"loc":{"start":{"line":583,"column":75},"end":{"line":609,"column":5}},"line":583},"63":{"name":"(anonymous_63)","decl":{"start":{"line":611,"column":41},"end":{"line":611,"column":42}},"loc":{"start":{"line":611,"column":83},"end":{"line":626,"column":5}},"line":611},"64":{"name":"(anonymous_64)","decl":{"start":{"line":628,"column":40},"end":{"line":628,"column":41}},"loc":{"start":{"line":628,"column":105},"end":{"line":658,"column":5}},"line":628},"65":{"name":"(anonymous_65)","decl":{"start":{"line":629,"column":39},"end":{"line":629,"column":44}},"loc":{"start":{"line":629,"column":44},"end":{"line":629,"column":90}},"line":629},"66":{"name":"(anonymous_66)","decl":{"start":{"line":633,"column":20},"end":{"line":633,"column":21}},"loc":{"start":{"line":633,"column":30},"end":{"line":633,"column":55}},"line":633},"67":{"name":"(anonymous_67)","decl":{"start":{"line":660,"column":33},"end":{"line":660,"column":39}},"loc":{"start":{"line":660,"column":39},"end":{"line":776,"column":5}},"line":660},"68":{"name":"(anonymous_68)","decl":{"start":{"line":686,"column":42},"end":{"line":686,"column":47}},"loc":{"start":{"line":686,"column":47},"end":{"line":686,"column":107}},"line":686},"69":{"name":"(anonymous_69)","decl":{"start":{"line":688,"column":28},"end":{"line":688,"column":29}},"loc":{"start":{"line":688,"column":38},"end":{"line":688,"column":63}},"line":688},"70":{"name":"(anonymous_70)","decl":{"start":{"line":693,"column":42},"end":{"line":693,"column":47}},"loc":{"start":{"line":693,"column":47},"end":{"line":693,"column":107}},"line":693},"71":{"name":"(anonymous_71)","decl":{"start":{"line":695,"column":28},"end":{"line":695,"column":29}},"loc":{"start":{"line":695,"column":38},"end":{"line":695,"column":63}},"line":695},"72":{"name":"(anonymous_72)","decl":{"start":{"line":722,"column":39},"end":{"line":722,"column":47}},"loc":{"start":{"line":722,"column":47},"end":{"line":722,"column":78}},"line":722},"73":{"name":"(anonymous_73)","decl":{"start":{"line":726,"column":46},"end":{"line":726,"column":54}},"loc":{"start":{"line":726,"column":54},"end":{"line":726,"column":94}},"line":726},"74":{"name":"(anonymous_74)","decl":{"start":{"line":750,"column":37},"end":{"line":750,"column":45}},"loc":{"start":{"line":750,"column":45},"end":{"line":750,"column":76}},"line":750},"75":{"name":"(anonymous_75)","decl":{"start":{"line":754,"column":44},"end":{"line":754,"column":52}},"loc":{"start":{"line":754,"column":52},"end":{"line":754,"column":92}},"line":754},"76":{"name":"(anonymous_76)","decl":{"start":{"line":778,"column":12},"end":{"line":778,"column":18}},"loc":{"start":{"line":778,"column":18},"end":{"line":802,"column":5}},"line":778},"77":{"name":"(anonymous_77)","decl":{"start":{"line":782,"column":31},"end":{"line":782,"column":37}},"loc":{"start":{"line":782,"column":37},"end":{"line":799,"column":9}},"line":782},"78":{"name":"(anonymous_78)","decl":{"start":{"line":785,"column":21},"end":{"line":785,"column":29}},"loc":{"start":{"line":785,"column":29},"end":{"line":785,"column":63}},"line":785},"79":{"name":"(anonymous_79)","decl":{"start":{"line":800,"column":13},"end":{"line":800,"column":19}},"loc":{"start":{"line":800,"column":19},"end":{"line":800,"column":null}},"line":800},"80":{"name":"(anonymous_80)","decl":{"start":{"line":804,"column":27},"end":{"line":804,"column":28}},"loc":{"start":{"line":804,"column":43},"end":{"line":812,"column":null}},"line":804},"81":{"name":"(anonymous_81)","decl":{"start":{"line":814,"column":32},"end":{"line":814,"column":33}},"loc":{"start":{"line":814,"column":46},"end":{"line":825,"column":null}},"line":814},"82":{"name":"(anonymous_82)","decl":{"start":{"line":827,"column":26},"end":{"line":827,"column":27}},"loc":{"start":{"line":827,"column":40},"end":{"line":886,"column":null}},"line":827},"83":{"name":"(anonymous_83)","decl":{"start":{"line":851,"column":17},"end":{"line":851,"column":25}},"loc":{"start":{"line":851,"column":25},"end":{"line":851,"column":62}},"line":851},"84":{"name":"(anonymous_84)","decl":{"start":{"line":888,"column":21},"end":{"line":888,"column":22}},"loc":{"start":{"line":888,"column":35},"end":{"line":904,"column":null}},"line":888},"85":{"name":"(anonymous_85)","decl":{"start":{"line":967,"column":26},"end":{"line":967,"column":27}},"loc":{"start":{"line":967,"column":33},"end":{"line":967,"column":null}},"line":967},"86":{"name":"(anonymous_86)","decl":{"start":{"line":1003,"column":26},"end":{"line":1003,"column":27}},"loc":{"start":{"line":1003,"column":33},"end":{"line":1003,"column":null}},"line":1003},"87":{"name":"(anonymous_87)","decl":{"start":{"line":1039,"column":26},"end":{"line":1039,"column":27}},"loc":{"start":{"line":1039,"column":33},"end":{"line":1039,"column":null}},"line":1039},"88":{"name":"(anonymous_88)","decl":{"start":{"line":1075,"column":26},"end":{"line":1075,"column":27}},"loc":{"start":{"line":1075,"column":33},"end":{"line":1075,"column":null}},"line":1075},"89":{"name":"(anonymous_89)","decl":{"start":{"line":1197,"column":19},"end":{"line":1197,"column":25}},"loc":{"start":{"line":1197,"column":25},"end":{"line":1197,"column":null}},"line":1197},"90":{"name":"(anonymous_90)","decl":{"start":{"line":1312,"column":16},"end":{"line":1312,"column":17}},"loc":{"start":{"line":1313,"column":12},"end":{"line":1332,"column":null}},"line":1313},"91":{"name":"(anonymous_91)","decl":{"start":{"line":1315,"column":23},"end":{"line":1315,"column":29}},"loc":{"start":{"line":1315,"column":29},"end":{"line":1315,"column":null}},"line":1315},"92":{"name":"(anonymous_92)","decl":{"start":{"line":1338,"column":19},"end":{"line":1338,"column":25}},"loc":{"start":{"line":1338,"column":25},"end":{"line":1338,"column":null}},"line":1338},"93":{"name":"(anonymous_93)","decl":{"start":{"line":1466,"column":24},"end":{"line":1466,"column":30}},"loc":{"start":{"line":1466,"column":30},"end":{"line":1466,"column":null}},"line":1466},"94":{"name":"(anonymous_94)","decl":{"start":{"line":1493,"column":23},"end":{"line":1493,"column":24}},"loc":{"start":{"line":1494,"column":14},"end":{"line":1510,"column":null}},"line":1494},"95":{"name":"(anonymous_95)","decl":{"start":{"line":1494,"column":22},"end":{"line":1494,"column":23}},"loc":{"start":{"line":1495,"column":16},"end":{"line":1509,"column":null}},"line":1495},"96":{"name":"(anonymous_96)","decl":{"start":{"line":1500,"column":31},"end":{"line":1500,"column":32}},"loc":{"start":{"line":1500,"column":41},"end":{"line":1506,"column":null}},"line":1500},"97":{"name":"(anonymous_97)","decl":{"start":{"line":1605,"column":19},"end":{"line":1605,"column":25}},"loc":{"start":{"line":1605,"column":25},"end":{"line":1605,"column":null}},"line":1605}},"branchMap":{"0":{"loc":{"start":{"line":35,"column":32},"end":{"line":35,"column":null}},"type":"cond-expr","locations":[{"start":{"line":35,"column":50},"end":{"line":35,"column":74}},{"start":{"line":35,"column":74},"end":{"line":35,"column":null}}],"line":35},"1":{"loc":{"start":{"line":39,"column":4},"end":{"line":41,"column":null}},"type":"if","locations":[{"start":{"line":39,"column":4},"end":{"line":41,"column":null}},{"start":{},"end":{}}],"line":39},"2":{"loc":{"start":{"line":39,"column":8},"end":{"line":39,"column":74}},"type":"binary-expr","locations":[{"start":{"line":39,"column":8},"end":{"line":39,"column":21}},{"start":{"line":39,"column":21},"end":{"line":39,"column":74}}],"line":39},"3":{"loc":{"start":{"line":39,"column":39},"end":{"line":39,"column":71}},"type":"binary-expr","locations":[{"start":{"line":39,"column":39},"end":{"line":39,"column":44}},{"start":{"line":39,"column":44},"end":{"line":39,"column":71}}],"line":39},"4":{"loc":{"start":{"line":46,"column":4},"end":{"line":48,"column":null}},"type":"if","locations":[{"start":{"line":46,"column":4},"end":{"line":48,"column":null}},{"start":{},"end":{}}],"line":46},"5":{"loc":{"start":{"line":46,"column":8},"end":{"line":46,"column":74}},"type":"binary-expr","locations":[{"start":{"line":46,"column":8},"end":{"line":46,"column":21}},{"start":{"line":46,"column":21},"end":{"line":46,"column":74}}],"line":46},"6":{"loc":{"start":{"line":46,"column":39},"end":{"line":46,"column":71}},"type":"binary-expr","locations":[{"start":{"line":46,"column":39},"end":{"line":46,"column":44}},{"start":{"line":46,"column":44},"end":{"line":46,"column":71}}],"line":46},"7":{"loc":{"start":{"line":52,"column":2},"end":{"line":54,"column":null}},"type":"if","locations":[{"start":{"line":52,"column":2},"end":{"line":54,"column":null}},{"start":{},"end":{}}],"line":52},"8":{"loc":{"start":{"line":52,"column":6},"end":{"line":52,"column":69}},"type":"binary-expr","locations":[{"start":{"line":52,"column":6},"end":{"line":52,"column":18}},{"start":{"line":52,"column":18},"end":{"line":52,"column":69}}],"line":52},"9":{"loc":{"start":{"line":52,"column":35},"end":{"line":52,"column":66}},"type":"binary-expr","locations":[{"start":{"line":52,"column":35},"end":{"line":52,"column":40}},{"start":{"line":52,"column":40},"end":{"line":52,"column":66}}],"line":52},"10":{"loc":{"start":{"line":57,"column":2},"end":{"line":59,"column":null}},"type":"if","locations":[{"start":{"line":57,"column":2},"end":{"line":59,"column":null}},{"start":{},"end":{}}],"line":57},"11":{"loc":{"start":{"line":57,"column":6},"end":{"line":57,"column":69}},"type":"binary-expr","locations":[{"start":{"line":57,"column":6},"end":{"line":57,"column":18}},{"start":{"line":57,"column":18},"end":{"line":57,"column":69}}],"line":57},"12":{"loc":{"start":{"line":57,"column":35},"end":{"line":57,"column":66}},"type":"binary-expr","locations":[{"start":{"line":57,"column":35},"end":{"line":57,"column":40}},{"start":{"line":57,"column":40},"end":{"line":57,"column":66}}],"line":57},"13":{"loc":{"start":{"line":65,"column":19},"end":{"line":65,"column":null}},"type":"cond-expr","locations":[{"start":{"line":65,"column":31},"end":{"line":65,"column":75}},{"start":{"line":65,"column":75},"end":{"line":65,"column":null}}],"line":65},"14":{"loc":{"start":{"line":66,"column":17},"end":{"line":68,"column":null}},"type":"cond-expr","locations":[{"start":{"line":67,"column":6},"end":{"line":67,"column":null}},{"start":{"line":68,"column":6},"end":{"line":68,"column":null}}],"line":66},"15":{"loc":{"start":{"line":78,"column":16},"end":{"line":78,"column":null}},"type":"cond-expr","locations":[{"start":{"line":78,"column":24},"end":{"line":78,"column":36}},{"start":{"line":78,"column":36},"end":{"line":78,"column":null}}],"line":78},"16":{"loc":{"start":{"line":85,"column":19},"end":{"line":85,"column":null}},"type":"cond-expr","locations":[{"start":{"line":85,"column":32},"end":{"line":85,"column":48}},{"start":{"line":85,"column":48},"end":{"line":85,"column":null}}],"line":85},"17":{"loc":{"start":{"line":86,"column":16},"end":{"line":86,"column":null}},"type":"cond-expr","locations":[{"start":{"line":86,"column":29},"end":{"line":86,"column":91}},{"start":{"line":86,"column":91},"end":{"line":86,"column":null}}],"line":86},"18":{"loc":{"start":{"line":101,"column":20},"end":{"line":103,"column":null}},"type":"cond-expr","locations":[{"start":{"line":102,"column":12},"end":{"line":102,"column":null}},{"start":{"line":103,"column":12},"end":{"line":103,"column":null}}],"line":101},"19":{"loc":{"start":{"line":108,"column":16},"end":{"line":108,"column":null}},"type":"cond-expr","locations":[{"start":{"line":108,"column":27},"end":{"line":108,"column":39}},{"start":{"line":108,"column":39},"end":{"line":108,"column":null}}],"line":108},"20":{"loc":{"start":{"line":109,"column":19},"end":{"line":111,"column":null}},"type":"cond-expr","locations":[{"start":{"line":110,"column":12},"end":{"line":110,"column":null}},{"start":{"line":111,"column":12},"end":{"line":111,"column":null}}],"line":109},"21":{"loc":{"start":{"line":116,"column":7},"end":{"line":122,"column":null}},"type":"binary-expr","locations":[{"start":{"line":116,"column":7},"end":{"line":116,"column":null}},{"start":{"line":117,"column":8},"end":{"line":122,"column":null}}],"line":116},"22":{"loc":{"start":{"line":158,"column":27},"end":{"line":158,"column":null}},"type":"binary-expr","locations":[{"start":{"line":158,"column":27},"end":{"line":158,"column":49}},{"start":{"line":158,"column":49},"end":{"line":158,"column":65}},{"start":{"line":158,"column":65},"end":{"line":158,"column":85}},{"start":{"line":158,"column":85},"end":{"line":158,"column":null}}],"line":158},"23":{"loc":{"start":{"line":169,"column":22},"end":{"line":169,"column":null}},"type":"cond-expr","locations":[{"start":{"line":169,"column":79},"end":{"line":169,"column":91}},{"start":{"line":169,"column":91},"end":{"line":169,"column":null}}],"line":169},"24":{"loc":{"start":{"line":169,"column":22},"end":{"line":169,"column":79}},"type":"binary-expr","locations":[{"start":{"line":169,"column":22},"end":{"line":169,"column":44}},{"start":{"line":169,"column":44},"end":{"line":169,"column":60}},{"start":{"line":169,"column":60},"end":{"line":169,"column":79}}],"line":169},"25":{"loc":{"start":{"line":172,"column":22},"end":{"line":174,"column":null}},"type":"cond-expr","locations":[{"start":{"line":173,"column":18},"end":{"line":173,"column":null}},{"start":{"line":174,"column":18},"end":{"line":174,"column":null}}],"line":172},"26":{"loc":{"start":{"line":172,"column":22},"end":{"line":172,"column":null}},"type":"binary-expr","locations":[{"start":{"line":172,"column":22},"end":{"line":172,"column":57}},{"start":{"line":172,"column":57},"end":{"line":172,"column":101}},{"start":{"line":172,"column":101},"end":{"line":172,"column":null}}],"line":172},"27":{"loc":{"start":{"line":178,"column":13},"end":{"line":185,"column":null}},"type":"binary-expr","locations":[{"start":{"line":178,"column":13},"end":{"line":178,"column":null}},{"start":{"line":179,"column":14},"end":{"line":185,"column":null}}],"line":178},"28":{"loc":{"start":{"line":183,"column":28},"end":{"line":183,"column":null}},"type":"binary-expr","locations":[{"start":{"line":183,"column":28},"end":{"line":183,"column":63}},{"start":{"line":183,"column":63},"end":{"line":183,"column":107}},{"start":{"line":183,"column":107},"end":{"line":183,"column":null}}],"line":183},"29":{"loc":{"start":{"line":187,"column":13},"end":{"line":192,"column":null}},"type":"binary-expr","locations":[{"start":{"line":187,"column":13},"end":{"line":187,"column":null}},{"start":{"line":188,"column":14},"end":{"line":192,"column":null}}],"line":187},"30":{"loc":{"start":{"line":216,"column":4},"end":{"line":218,"column":null}},"type":"if","locations":[{"start":{"line":216,"column":4},"end":{"line":218,"column":null}},{"start":{},"end":{}}],"line":216},"31":{"loc":{"start":{"line":333,"column":4},"end":{"line":338,"column":null}},"type":"if","locations":[{"start":{"line":333,"column":4},"end":{"line":338,"column":null}},{"start":{"line":335,"column":11},"end":{"line":338,"column":null}}],"line":333},"32":{"loc":{"start":{"line":334,"column":16},"end":{"line":334,"column":46}},"type":"cond-expr","locations":[{"start":{"line":334,"column":37},"end":{"line":334,"column":43}},{"start":{"line":334,"column":43},"end":{"line":334,"column":46}}],"line":334},"33":{"loc":{"start":{"line":337,"column":16},"end":{"line":337,"column":46}},"type":"cond-expr","locations":[{"start":{"line":337,"column":37},"end":{"line":337,"column":43}},{"start":{"line":337,"column":43},"end":{"line":337,"column":46}}],"line":337},"34":{"loc":{"start":{"line":345,"column":17},"end":{"line":345,"column":96}},"type":"cond-expr","locations":[{"start":{"line":345,"column":39},"end":{"line":345,"column":55}},{"start":{"line":345,"column":55},"end":{"line":345,"column":96}}],"line":345},"35":{"loc":{"start":{"line":345,"column":55},"end":{"line":345,"column":96}},"type":"cond-expr","locations":[{"start":{"line":345,"column":74},"end":{"line":345,"column":87}},{"start":{"line":345,"column":87},"end":{"line":345,"column":96}}],"line":345},"36":{"loc":{"start":{"line":363,"column":6},"end":{"line":379,"column":null}},"type":"if","locations":[{"start":{"line":363,"column":6},"end":{"line":379,"column":null}},{"start":{},"end":{}}],"line":363},"37":{"loc":{"start":{"line":368,"column":12},"end":{"line":376,"column":null}},"type":"if","locations":[{"start":{"line":368,"column":12},"end":{"line":376,"column":null}},{"start":{},"end":{}}],"line":368},"38":{"loc":{"start":{"line":368,"column":16},"end":{"line":368,"column":77}},"type":"binary-expr","locations":[{"start":{"line":368,"column":16},"end":{"line":368,"column":37}},{"start":{"line":368,"column":37},"end":{"line":368,"column":77}}],"line":368},"39":{"loc":{"start":{"line":385,"column":8},"end":{"line":403,"column":null}},"type":"if","locations":[{"start":{"line":385,"column":8},"end":{"line":403,"column":null}},{"start":{},"end":{}}],"line":385},"40":{"loc":{"start":{"line":385,"column":12},"end":{"line":385,"column":70}},"type":"binary-expr","locations":[{"start":{"line":385,"column":12},"end":{"line":385,"column":31}},{"start":{"line":385,"column":31},"end":{"line":385,"column":70}}],"line":385},"41":{"loc":{"start":{"line":389,"column":14},"end":{"line":389,"column":null}},"type":"if","locations":[{"start":{"line":389,"column":14},"end":{"line":389,"column":null}},{"start":{},"end":{}}],"line":389},"42":{"loc":{"start":{"line":389,"column":18},"end":{"line":389,"column":50}},"type":"binary-expr","locations":[{"start":{"line":389,"column":18},"end":{"line":389,"column":35}},{"start":{"line":389,"column":35},"end":{"line":389,"column":50}}],"line":389},"43":{"loc":{"start":{"line":391,"column":14},"end":{"line":400,"column":null}},"type":"if","locations":[{"start":{"line":391,"column":14},"end":{"line":400,"column":null}},{"start":{},"end":{}}],"line":391},"44":{"loc":{"start":{"line":391,"column":18},"end":{"line":391,"column":98}},"type":"binary-expr","locations":[{"start":{"line":391,"column":18},"end":{"line":391,"column":45}},{"start":{"line":391,"column":45},"end":{"line":391,"column":98}}],"line":391},"45":{"loc":{"start":{"line":418,"column":4},"end":{"line":422,"column":null}},"type":"if","locations":[{"start":{"line":418,"column":4},"end":{"line":422,"column":null}},{"start":{"line":420,"column":11},"end":{"line":422,"column":null}}],"line":418},"46":{"loc":{"start":{"line":430,"column":21},"end":{"line":430,"column":null}},"type":"cond-expr","locations":[{"start":{"line":430,"column":42},"end":{"line":430,"column":50}},{"start":{"line":430,"column":50},"end":{"line":430,"column":null}}],"line":430},"47":{"loc":{"start":{"line":431,"column":34},"end":{"line":431,"column":null}},"type":"cond-expr","locations":[{"start":{"line":431,"column":52},"end":{"line":431,"column":76}},{"start":{"line":431,"column":76},"end":{"line":431,"column":null}}],"line":431},"48":{"loc":{"start":{"line":447,"column":42},"end":{"line":447,"column":64}},"type":"binary-expr","locations":[{"start":{"line":447,"column":42},"end":{"line":447,"column":47}},{"start":{"line":447,"column":47},"end":{"line":447,"column":64}}],"line":447},"49":{"loc":{"start":{"line":448,"column":45},"end":{"line":448,"column":70}},"type":"binary-expr","locations":[{"start":{"line":448,"column":45},"end":{"line":448,"column":50}},{"start":{"line":448,"column":50},"end":{"line":448,"column":70}}],"line":448},"50":{"loc":{"start":{"line":450,"column":6},"end":{"line":457,"column":null}},"type":"if","locations":[{"start":{"line":450,"column":6},"end":{"line":457,"column":null}},{"start":{},"end":{}}],"line":450},"51":{"loc":{"start":{"line":452,"column":8},"end":{"line":452,"column":null}},"type":"if","locations":[{"start":{"line":452,"column":8},"end":{"line":452,"column":null}},{"start":{},"end":{}}],"line":452},"52":{"loc":{"start":{"line":453,"column":8},"end":{"line":456,"column":null}},"type":"if","locations":[{"start":{"line":453,"column":8},"end":{"line":456,"column":null}},{"start":{},"end":{}}],"line":453},"53":{"loc":{"start":{"line":458,"column":6},"end":{"line":465,"column":null}},"type":"if","locations":[{"start":{"line":458,"column":6},"end":{"line":465,"column":null}},{"start":{},"end":{}}],"line":458},"54":{"loc":{"start":{"line":460,"column":8},"end":{"line":460,"column":null}},"type":"if","locations":[{"start":{"line":460,"column":8},"end":{"line":460,"column":null}},{"start":{},"end":{}}],"line":460},"55":{"loc":{"start":{"line":461,"column":8},"end":{"line":464,"column":null}},"type":"if","locations":[{"start":{"line":461,"column":8},"end":{"line":464,"column":null}},{"start":{},"end":{}}],"line":461},"56":{"loc":{"start":{"line":469,"column":4},"end":{"line":469,"column":null}},"type":"if","locations":[{"start":{"line":469,"column":4},"end":{"line":469,"column":null}},{"start":{},"end":{}}],"line":469},"57":{"loc":{"start":{"line":470,"column":4},"end":{"line":470,"column":null}},"type":"if","locations":[{"start":{"line":470,"column":4},"end":{"line":470,"column":null}},{"start":{},"end":{}}],"line":470},"58":{"loc":{"start":{"line":476,"column":6},"end":{"line":479,"column":null}},"type":"if","locations":[{"start":{"line":476,"column":6},"end":{"line":479,"column":null}},{"start":{},"end":{}}],"line":476},"59":{"loc":{"start":{"line":477,"column":8},"end":{"line":478,"column":null}},"type":"if","locations":[{"start":{"line":477,"column":8},"end":{"line":478,"column":null}},{"start":{"line":478,"column":13},"end":{"line":478,"column":null}}],"line":477},"60":{"loc":{"start":{"line":486,"column":6},"end":{"line":489,"column":null}},"type":"if","locations":[{"start":{"line":486,"column":6},"end":{"line":489,"column":null}},{"start":{},"end":{}}],"line":486},"61":{"loc":{"start":{"line":487,"column":8},"end":{"line":488,"column":null}},"type":"if","locations":[{"start":{"line":487,"column":8},"end":{"line":488,"column":null}},{"start":{"line":488,"column":13},"end":{"line":488,"column":null}}],"line":487},"62":{"loc":{"start":{"line":496,"column":8},"end":{"line":498,"column":null}},"type":"if","locations":[{"start":{"line":496,"column":8},"end":{"line":498,"column":null}},{"start":{},"end":{}}],"line":496},"63":{"loc":{"start":{"line":496,"column":12},"end":{"line":496,"column":63}},"type":"binary-expr","locations":[{"start":{"line":496,"column":12},"end":{"line":496,"column":21}},{"start":{"line":496,"column":21},"end":{"line":496,"column":46}},{"start":{"line":496,"column":46},"end":{"line":496,"column":63}}],"line":496},"64":{"loc":{"start":{"line":508,"column":34},"end":{"line":508,"column":null}},"type":"cond-expr","locations":[{"start":{"line":508,"column":52},"end":{"line":508,"column":76}},{"start":{"line":508,"column":76},"end":{"line":508,"column":null}}],"line":508},"65":{"loc":{"start":{"line":520,"column":43},"end":{"line":520,"column":68}},"type":"binary-expr","locations":[{"start":{"line":520,"column":43},"end":{"line":520,"column":48}},{"start":{"line":520,"column":48},"end":{"line":520,"column":68}}],"line":520},"66":{"loc":{"start":{"line":521,"column":40},"end":{"line":521,"column":62}},"type":"binary-expr","locations":[{"start":{"line":521,"column":40},"end":{"line":521,"column":45}},{"start":{"line":521,"column":45},"end":{"line":521,"column":62}}],"line":521},"67":{"loc":{"start":{"line":522,"column":6},"end":{"line":524,"column":null}},"type":"if","locations":[{"start":{"line":522,"column":6},"end":{"line":524,"column":null}},{"start":{},"end":{}}],"line":522},"68":{"loc":{"start":{"line":522,"column":10},"end":{"line":522,"column":47}},"type":"binary-expr","locations":[{"start":{"line":522,"column":10},"end":{"line":522,"column":31}},{"start":{"line":522,"column":31},"end":{"line":522,"column":47}}],"line":522},"69":{"loc":{"start":{"line":531,"column":4},"end":{"line":531,"column":null}},"type":"if","locations":[{"start":{"line":531,"column":4},"end":{"line":531,"column":null}},{"start":{},"end":{}}],"line":531},"70":{"loc":{"start":{"line":532,"column":4},"end":{"line":532,"column":null}},"type":"if","locations":[{"start":{"line":532,"column":4},"end":{"line":532,"column":null}},{"start":{},"end":{}}],"line":532},"71":{"loc":{"start":{"line":533,"column":4},"end":{"line":533,"column":null}},"type":"if","locations":[{"start":{"line":533,"column":4},"end":{"line":533,"column":null}},{"start":{},"end":{}}],"line":533},"72":{"loc":{"start":{"line":535,"column":25},"end":{"line":535,"column":null}},"type":"cond-expr","locations":[{"start":{"line":535,"column":40},"end":{"line":535,"column":48}},{"start":{"line":535,"column":48},"end":{"line":535,"column":null}}],"line":535},"73":{"loc":{"start":{"line":538,"column":4},"end":{"line":538,"column":null}},"type":"if","locations":[{"start":{"line":538,"column":4},"end":{"line":538,"column":null}},{"start":{},"end":{}}],"line":538},"74":{"loc":{"start":{"line":540,"column":4},"end":{"line":560,"column":null}},"type":"if","locations":[{"start":{"line":540,"column":4},"end":{"line":560,"column":null}},{"start":{"line":550,"column":11},"end":{"line":560,"column":null}}],"lin
[...]
{"start":{"line":112,"column":35},"end":{"line":112,"column":null}},"line":112},"2":{"name":"(anonymous_2)","decl":{"start":{"line":148,"column":28},"end":{"line":148,"column":29}},"loc":{"start":{"line":148,"column":35},"end":{"line":148,"column":null}},"line":148},"3":{"name":"(anonymous_3)","decl":{"start":{"line":184,"column":28},"end":{"line":184,"column":29}},"loc":{"start":{"line":184,"column":35},"end":{"line":184,"column":null}},"line":184},"4":{"name":"(anonymous_4)","decl":{"start":{"line":220,"column":28},"end":{"line":220,"column":29}},"loc":{"start":{"line":220,"column":35},"end":{"line":220,"column":null}},"line":220},"5":{"name":"(anonymous_5)","decl":{"start":{"line":241,"column":23},"end":{"line":241,"column":29}},"loc":{"start":{"line":241,"column":29},"end":{"line":241,"column":null}},"line":241},"6":{"name":"(anonymous_6)","decl":{"start":{"line":335,"column":14},"end":{"line":335,"column":15}},"loc":{"start":{"line":336,"column":10},"end":{"line":356,"column":null}},"line":336},"7":{"name":"(anonymous_7)","decl":{"start":{"line":338,"column":21},"end":{"line":338,"column":27}},"loc":{"start":{"line":338,"column":27},"end":{"line":338,"column":null}},"line":338},"8":{"name":"(anonymous_8)","decl":{"start":{"line":360,"column":19},"end":{"line":360,"column":25}},"loc":{"start":{"line":360,"column":25},"end":{"line":360,"column":null}},"line":360}},"branchMap":{"0":{"loc":{"start":{"line":33,"column":2},"end":{"line":265,"column":null}},"type":"if","locations":[{"start":{"line":33,"column":2},"end":{"line":265,"column":null}},{"start":{},"end":{}}],"line":33},"1":{"loc":{"start":{"line":82,"column":20},"end":{"line":82,"column":null}},"type":"cond-expr","locations":[{"start":{"line":82,"column":46},"end":{"line":82,"column":56}},{"start":{"line":82,"column":56},"end":{"line":82,"column":null}}],"line":82},"2":{"loc":{"start":{"line":299,"column":20},"end":{"line":299,"column":null}},"type":"cond-expr","locations":[{"start":{"line":299,"column":46},"end":{"line":299,"column":75}},{"start":{"line":299,"column":75},"end":{"line":299,"column":null}}],"line":299},"3":{"loc":{"start":{"line":342,"column":24},"end":{"line":342,"column":null}},"type":"cond-expr","locations":[{"start":{"line":342,"column":50},"end":{"line":342,"column":59}},{"start":{"line":342,"column":59},"end":{"line":342,"column":null}}],"line":342},"4":{"loc":{"start":{"line":364,"column":22},"end":{"line":364,"column":null}},"type":"cond-expr","locations":[{"start":{"line":364,"column":48},"end":{"line":364,"column":59}},{"start":{"line":364,"column":59},"end":{"line":364,"column":null}}],"line":364}},"s":{"0":5,"1":18,"2":3,"3":0,"4":0,"5":0,"6":0,"7":0,"8":15,"9":60,"10":2,"11":0},"f":{"0":18,"1":0,"2":0,"3":0,"4":0,"5":0,"6":60,"7":2,"8":0},"b":{"0":[3,15],"1":[3,0],"2":[0,15],"3":[0,60],"4":[0,15]},"meta":{"lastBranch":5,"lastFunction":9,"lastStatement":12,"seen":{"s:19:29:391:Infinity":0,"f:19:29:19:30":0,"b:33:2:265:Infinity:undefined:undefined:undefined:undefined":0,"s:33:2:265:Infinity":1,"s:34:4:263:Infinity":2,"b:82:46:82:56:82:56:82:Infinity":1,"f:112:28:112:29":1,"s:112:35:112:Infinity":3,"f:148:28:148:29":2,"s:148:35:148:Infinity":4,"f:184:28:184:29":3,"s:184:35:184:Infinity":5,"f:220:28:220:29":4,"s:220:35:220:Infinity":6,"f:241:23:241:29":5,"s:241:29:241:Infinity":7,"s:268:2:389:Infinity":8,"b:299:46:299:75:299:75:299:Infinity":2,"f:335:14:335:15":6,"s:336:10:356:Infinity":9,"f:338:21:338:27":7,"s:338:27:338:Infinity":10,"b:342:50:342:59:342:59:342:Infinity":3,"f:360:19:360:25":8,"s:360:25:360:Infinity":11,"b:364:48:364:59:364:59:364:Infinity":4}}}
,"/Users/fushimit/project/goblet-righteous/src/hooks/useResponsive.js": {"path":"/Users/fushimit/project/goblet-righteous/src/hooks/useResponsive.js","statementMap":{"0":{"start":{"line":8,"column":27},"end":{"line":15,"column":1}},"1":{"start":{"line":20,"column":28},"end":{"line":23,"column":1}},"2":{"start":{"line":29,"column":29},"end":{"line":56,"column":1}},"3":{"start":{"line":30,"column":37},"end":{"line":30,"column":56}},"4":{"start":{"line":32,"column":1},"end":{"line":53,"column":null}},"5":{"start":{"line":33,"column":29},"end":{"line":42,"column":5}},"6":{"start":{"line":34,"column":20},"end":{"line":34,"column":37}},"7":{"start":{"line":35,"column":6},"end":{"line":41,"column":null}},"8":{"start":{"line":36,"column":8},"end":{"line":36,"column":null}},"9":{"start":{"line":37,"column":13},"end":{"line":41,"column":null}},"10":{"start":{"line":38,"column":8},"end":{"line":38,"column":null}},"11":{"start":{"line":40,"column":8},"end":{"line":40,"column":null}},"12":{"start":{"line":44,"column":4},"end":{"line":44,"column":null}},"13":{"start":{"line":47,"column":27},"end":{"line":47,"column":59}},"14":{"start":{"line":48,"column":4},"end":{"line":48,"column":null}},"15":{"start":{"line":50,"column":4},"end":{"line":52,"column":null}},"16":{"start":{"line":51,"column":6},"end":{"line":51,"column":null}},"17":{"start":{"line":55,"column":2},"end":{"line":55,"column":null}},"18":{"start":{"line":62,"column":30},"end":{"line":88,"column":1}},"19":{"start":{"line":63,"column":39},"end":{"line":67,"column":3}},"20":{"start":{"line":69,"column":1},"end":{"line":85,"column":null}},"21":{"start":{"line":70,"column":30},"end":{"line":74,"column":5}},"22":{"start":{"line":72,"column":26},"end":{"line":72,"column":70}},"23":{"start":{"line":73,"column":6},"end":{"line":73,"column":null}},"24":{"start":{"line":76,"column":4},"end":{"line":76,"column":null}},"25":{"start":{"line":79,"column":27},"end":{"line":79,"column":60}},"26":{"start":{"line":80,"column":4},"end":{"line":80,"column":null}},"27":{"start":{"line":82,"column":4},"end":{"line":84,"column":null}},"28":{"start":{"line":83,"column":6},"end":{"line":83,"column":null}},"29":{"start":{"line":87,"column":2},"end":{"line":87,"column":null}},"30":{"start":{"line":94,"column":31},"end":{"line":120,"column":1}},"31":{"start":{"line":95,"column":41},"end":{"line":98,"column":4}},"32":{"start":{"line":100,"column":1},"end":{"line":117,"column":null}},"33":{"start":{"line":101,"column":31},"end":{"line":106,"column":5}},"34":{"start":{"line":102,"column":6},"end":{"line":105,"column":null}},"35":{"start":{"line":108,"column":4},"end":{"line":108,"column":null}},"36":{"start":{"line":111,"column":27},"end":{"line":111,"column":61}},"37":{"start":{"line":112,"column":4},"end":{"line":112,"column":null}},"38":{"start":{"line":114,"column":4},"end":{"line":116,"column":null}},"39":{"start":{"line":115,"column":6},"end":{"line":115,"column":null}},"40":{"start":{"line":119,"column":2},"end":{"line":119,"column":null}},"41":{"start":{"line":131,"column":29},"end":{"line":142,"column":1}},"42":{"start":{"line":132,"column":21},"end":{"line":132,"column":36}},"43":{"start":{"line":133,"column":22},"end":{"line":133,"column":38}},"44":{"start":{"line":134,"column":23},"end":{"line":134,"column":40}},"45":{"start":{"line":136,"column":2},"end":{"line":141,"column":null}}},"fnMap":{"0":{"name":"(anonymous_0)","decl":{"start":{"line":29,"column":29},"end":{"line":29,"column":30}},"loc":{"start":{"line":29,"column":35},"end":{"line":56,"column":1}},"line":29},"1":{"name":"(anonymous_1)","decl":{"start":{"line":32,"column":12},"end":{"line":32,"column":13}},"loc":{"start":{"line":32,"column":18},"end":{"line":53,"column":3}},"line":32},"2":{"name":"(anonymous_2)","decl":{"start":{"line":33,"column":29},"end":{"line":33,"column":30}},"loc":{"start":{"line":33,"column":35},"end":{"line":42,"column":5}},"line":33},"3":{"name":"(anonymous_3)","decl":{"start":{"line":50,"column":11},"end":{"line":50,"column":12}},"loc":{"start":{"line":50,"column":17},"end":{"line":52,"column":5}},"line":50},"4":{"name":"(anonymous_4)","decl":{"start":{"line":62,"column":30},"end":{"line":62,"column":31}},"loc":{"start":{"line":62,"column":36},"end":{"line":88,"column":1}},"line":62},"5":{"name":"(anonymous_5)","decl":{"start":{"line":69,"column":12},"end":{"line":69,"column":13}},"loc":{"start":{"line":69,"column":18},"end":{"line":85,"column":3}},"line":69},"6":{"name":"(anonymous_6)","decl":{"start":{"line":70,"column":30},"end":{"line":70,"column":31}},"loc":{"start":{"line":70,"column":36},"end":{"line":74,"column":5}},"line":70},"7":{"name":"(anonymous_7)","decl":{"start":{"line":82,"column":11},"end":{"line":82,"column":12}},"loc":{"start":{"line":82,"column":17},"end":{"line":84,"column":5}},"line":82},"8":{"name":"(anonymous_8)","decl":{"start":{"line":94,"column":31},"end":{"line":94,"column":32}},"loc":{"start":{"line":94,"column":37},"end":{"line":120,"column":1}},"line":94},"9":{"name":"(anonymous_9)","decl":{"start":{"line":100,"column":12},"end":{"line":100,"column":13}},"loc":{"start":{"line":100,"column":18},"end":{"line":117,"column":3}},"line":100},"10":{"name":"(anonymous_10)","decl":{"start":{"line":101,"column":31},"end":{"line":101,"column":32}},"loc":{"start":{"line":101,"column":37},"end":{"line":106,"column":5}},"line":101},"11":{"name":"(anonymous_11)","decl":{"start":{"line":114,"column":11},"end":{"line":114,"column":12}},"loc":{"start":{"line":114,"column":17},"end":{"line":116,"column":5}},"line":114},"12":{"name":"(anonymous_12)","decl":{"start":{"line":131,"column":29},"end":{"line":131,"column":30}},"loc":{"start":{"line":131,"column":35},"end":{"line":142,"column":1}},"line":131}},"branchMap":{"0":{"loc":{"start":{"line":35,"column":6},"end":{"line":41,"column":null}},"type":"if","locations":[{"start":{"line":35,"column":6},"end":{"line":41,"column":null}},{"start":{"line":37,"column":13},"end":{"line":41,"column":null}}],"line":35},"1":{"loc":{"start":{"line":37,"column":13},"end":{"line":41,"column":null}},"type":"if","locations":[{"start":{"line":37,"column":13},"end":{"line":41,"column":null}},{"start":{"line":39,"column":13},"end":{"line":41,"column":null}}],"line":37},"2":{"loc":{"start":{"line":64,"column":4},"end":{"line":66,"column":null}},"type":"cond-expr","locations":[{"start":{"line":65,"column":8},"end":{"line":65,"column":null}},{"start":{"line":66,"column":8},"end":{"line":66,"column":null}}],"line":64},"3":{"loc":{"start":{"line":73,"column":21},"end":{"line":73,"column":81}},"type":"cond-expr","locations":[{"start":{"line":73,"column":35},"end":{"line":73,"column":57}},{"start":{"line":73,"column":60},"end":{"line":73,"column":81}}],"line":73}},"s":{"0":5,"1":5,"2":5,"3":122,"4":122,"5":39,"6":48,"7":48,"8":42,"9":6,"10":5,"11":1,"12":39,"13":39,"14":39,"15":39,"16":39,"17":122,"18":5,"19":119,"20":119,"21":39,"22":48,"23":48,"24":39,"25":39,"26":39,"27":39,"28":39,"29":119,"30":5,"31":118,"32":118,"33":36,"34":45,"35":36,"36":36,"37":36,"38":36,"39":36,"40":118,"41":5,"42":0,"43":0,"44":0,"45":0},"f":{"0":122,"1":39,"2":48,"3":39,"4":119,"5":39,"6":48,"7":39,"8":118,"9":36,"10":45,"11":36,"12":0},"b":{"0":[42,6],"1":[5,1],"2":[20,99],"3":[8,40]},"meta":{"lastBranch":4,"lastFunction":13,"lastStatement":46,"seen":{"s:8:27:15:1":0,"s:20:28:23:1":1,"s:29:29:56:1":2,"f:29:29:29:30":0,"s:30:37:30:56":3,"s:32:1:53:Infinity":4,"f:32:12:32:13":1,"s:33:29:42:5":5,"f:33:29:33:30":2,"s:34:20:34:37":6,"b:35:6:41:Infinity:37:13:41:Infinity":0,"s:35:6:41:Infinity":7,"s:36:8:36:Infinity":8,"b:37:13:41:Infinity:39:13:41:Infinity":1,"s:37:13:41:Infinity":9,"s:38:8:38:Infinity":10,"s:40:8:40:Infinity":11,"s:44:4:44:Infinity":12,"s:47:27:47:59":13,"s:48:4:48:Infinity":14,"s:50:4:52:Infinity":15,"f:50:11:50:12":3,"s:51:6:51:Infinity":16,"s:55:2:55:Infinity":17,"s:62:30:88:1":18,"f:62:30:62:31":4,"s:63:39:67:3":19,"b:65:8:65:Infinity:66:8:66:Infinity":2,"s:69:1:85:Infinity":20,"f:69:12:69:13":5,"s:70:30:74:5":21,"f:70:30:70:31":6,"s:72:26:72:70":22,"s:73:6:73:Infinity":23,"b:73:35:73:57:73:60:73:81":3,"s:76:4:76:Infinity":24,"s:79:27:79:60":25,"s:80:4:80:Infinity":26,"s:82:4:84:Infinity":27,"f:82:11:82:12":7,"s:83:6:83:Infinity":28,"s:87:2:87:Infinity":29,"s:94:31:120:1":30,"f:94:31:94:32":8,"s:95:41:98:4":31,"s:100:1:117:Infinity":32,"f:100:12:100:13":9,"s:101:31:106:5":33,"f:101:31:101:32":10,"s:102:6:105:Infinity":34,"s:108:4:108:Infinity":35,"s:111:27:111:61":36,"s:112:4:112:Infinity":37,"s:114:4:116:Infinity":38,"f:114:11:114:12":11,"s:115:6:115:Infinity":39,"s:119:2:119:Infinity":40,"s:131:29:142:1":41,"f:131:29:131:30":12,"s:132:21:132:36":42,"s:133:22:133:38":43,"s:134:23:134:40":44,"s:136:2:141:Infinity":45}}}
,"/Users/fushimit/project/goblet-righteous/src/utils/calculations.js": {"path":"/Users/fushimit/project/goblet-righteous/src/utils/calculations.js","statementMap":{"0":{"start":{"line":6,"column":37},"end":{"line":6,"column":38}},"1":{"start":{"line":7,"column":34},"end":{"line":7,"column":36}},"2":{"start":{"line":8,"column":37},"end":{"line":8,"column":39}},"3":{"start":{"line":9,"column":38},"end":{"line":9,"column":39}},"4":{"start":{"line":22,"column":36},"end":{"line":60,"column":1}},"5":{"start":{"line":24,"column":22},"end":{"line":31,"column":3}},"6":{"start":{"line":34,"column":23},"end":{"line":38,"column":3}},"7":{"start":{"line":40,"column":16},"end":{"line":40,"column":47}},"8":{"start":{"line":44,"column":4},"end":{"line":47,"column":60}},"9":{"start":{"line":51,"column":4},"end":{"line":56,"column":23}},"10":{"start":{"line":59,"column":2},"end":{"line":59,"column":null}},"11":{"start":{"line":67,"column":31},"end":{"line":75,"column":1}},"12":{"start":{"line":68,"column":2},"end":{"line":74,"column":null}},"13":{"start":{"line":69,"column":4},"end":{"line":69,"column":15}},"14":{"start":{"line":70,"column":9},"end":{"line":74,"column":null}},"15":{"start":{"line":71,"column":4},"end":{"line":71,"column":15}},"16":{"start":{"line":73,"column":4},"end":{"line":73,"column":15}},"17":{"start":{"line":83,"column":34},"end":{"line":85,"column":1}},"18":{"start":{"line":84,"column":2},"end":{"line":84,"column":null}},"19":{"start":{"line":92,"column":30},"end":{"line":99,"column":1}},"20":{"start":{"line":93,"column":19},"end":{"line":97,"column":3}},"21":{"start":{"line":98,"column":2},"end":{"line":98,"column":null}},"22":{"start":{"line":106,"column":37},"end":{"line":113,"column":1}},"23":{"start":{"line":107,"column":18},"end":{"line":111,"column":3}},"24":{"start":{"line":112,"column":2},"end":{"line":112,"column":null}}},"fnMap":{"0":{"name":"(anonymous_0)","decl":{"start":{"line":22,"column":36},"end":{"line":22,"column":37}},"loc":{"start":{"line":22,"column":81},"end":{"line":60,"column":1}},"line":22},"1":{"name":"(anonymous_1)","decl":{"start":{"line":67,"column":31},"end":{"line":67,"column":32}},"loc":{"start":{"line":67,"column":50},"end":{"line":75,"column":1}},"line":67},"2":{"name":"(anonymous_2)","decl":{"start":{"line":83,"column":34},"end":{"line":83,"column":35}},"loc":{"start":{"line":83,"column":68},"end":{"line":85,"column":1}},"line":83},"3":{"name":"(anonymous_3)","decl":{"start":{"line":92,"column":30},"end":{"line":92,"column":31}},"loc":{"start":{"line":92,"column":46},"end":{"line":99,"column":1}},"line":92},"4":{"name":"(anonymous_4)","decl":{"start":{"line":106,"column":37},"end":{"line":106,"column":38}},"loc":{"start":{"line":106,"column":53},"end":{"line":113,"column":1}},"line":106}},"branchMap":{"0":{"loc":{"start":{"line":35,"column":12},"end":{"line":35,"column":51}},"type":"cond-expr","locations":[{"start":{"line":35,"column":42},"end":{"line":35,"column":45}},{"start":{"line":35,"column":48},"end":{"line":35,"column":51}}],"line":35},"1":{"loc":{"start":{"line":40,"column":16},"end":{"line":40,"column":47}},"type":"binary-expr","locations":[{"start":{"line":40,"column":16},"end":{"line":40,"column":40}},{"start":{"line":40,"column":44},"end":{"line":40,"column":47}}],"line":40},"2":{"loc":{"start":{"line":68,"column":2},"end":{"line":74,"column":null}},"type":"if","locations":[{"start":{"line":68,"column":2},"end":{"line":74,"column":null}},{"start":{"line":70,"column":9},"end":{"line":74,"column":null}}],"line":68},"3":{"loc":{"start":{"line":70,"column":9},"end":{"line":74,"column":null}},"type":"if","locations":[{"start":{"line":70,"column":9},"end":{"line":74,"column":null}},{"start":{"line":72,"column":9},"end":{"line":74,"column":null}}],"line":70},"4":{"loc":{"start":{"line":83,"column":51},"end":{"line":83,"column":63}},"type":"default-arg","locations":[{"start":{"line":83,"column":61},"end":{"line":83,"column":63}}],"line":83},"5":{"loc":{"start":{"line":98,"column":9},"end":{"line":98,"column":35}},"type":"binary-expr","locations":[{"start":{"line":98,"column":9},"end":{"line":98,"column":29}},{"start":{"line":98,"column":33},"end":{"line":98,"column":35}}],"line":98},"6":{"loc":{"start":{"line":112,"column":9},"end":{"line":112,"column":36}},"type":"binary-expr","locations":[{"start":{"line":112,"column":9},"end":{"line":112,"column":28}},{"start":{"line":112,"column":32},"end":{"line":112,"column":36}}],"line":112}},"s":{"0":5,"1":5,"2":5,"3":5,"4":5,"5":48,"6":48,"7":48,"8":48,"9":48,"10":48,"11":5,"12":8,"13":2,"14":6,"15":3,"16":3,"17":5,"18":82,"19":5,"20":79,"21":79,"22":5,"23":44,"24":44},"f":{"0":48,"1":8,"2":82,"3":79,"4":44},"b":{"0":[6,42],"1":[48,0],"2":[2,6],"3":[3,3],"4":[82],"5":[79,1],"6":[44,1]},"meta":{"lastBranch":7,"lastFunction":5,"lastStatement":25,"seen":{"s:6:37:6:38":0,"s:7:34:7:36":1,"s:8:37:8:39":2,"s:9:38:9:39":3,"s:22:36:60:1":4,"f:22:36:22:37":0,"s:24:22:31:3":5,"s:34:23:38:3":6,"b:35:42:35:45:35:48:35:51":0,"s:40:16:40:47":7,"b:40:16:40:40:40:44:40:47":1,"s:44:4:47:60":8,"s:51:4:56:23":9,"s:59:2:59:Infinity":10,"s:67:31:75:1":11,"f:67:31:67:32":1,"b:68:2:74:Infinity:70:9:74:Infinity":2,"s:68:2:74:Infinity":12,"s:69:4:69:15":13,"b:70:9:74:Infinity:72:9:74:Infinity":3,"s:70:9:74:Infinity":14,"s:71:4:71:15":15,"s:73:4:73:15":16,"s:83:34:85:1":17,"f:83:34:83:35":2,"b:83:61:83:63":4,"s:84:2:84:Infinity":18,"s:92:30:99:1":19,"f:92:30:92:31":3,"s:93:19:97:3":20,"s:98:2:98:Infinity":21,"b:98:9:98:29:98:33:98:35":5,"s:106:37:113:1":22,"f:106:37:106:38":4,"s:107:18:111:3":23,"s:112:2:112:Infinity":24,"b:112:9:112:28:112:32:112:36":6}}}
,"/Users/fushimit/project/goblet-righteous/src/utils/debounce.js": {"path":"/Users/fushimit/project/goblet-righteous/src/utils/debounce.js","statementMap":{"0":{"start":{"line":16,"column":24},"end":{"line":30,"column":1}},"1":{"start":{"line":17,"column":16},"end":{"line":17,"column":20}},"2":{"start":{"line":19,"column":2},"end":{"line":29,"column":null}},"3":{"start":{"line":20,"column":18},"end":{"line":23,"column":5}},"4":{"start":{"line":21,"column":6},"end":{"line":21,"column":null}},"5":{"start":{"line":22,"column":6},"end":{"line":22,"column":null}},"6":{"start":{"line":25,"column":4},"end":{"line":27,"column":null}},"7":{"start":{"line":26,"column":6},"end":{"line":26,"column":null}},"8":{"start":{"line":28,"column":4},"end":{"line":28,"column":null}}},"fnMap":{"0":{"name":"(anonymous_0)","decl":{"start":{"line":16,"column":24},"end":{"line":16,"column":25}},"loc":{"start":{"line":16,"column":40},"end":{"line":30,"column":1}},"line":16},"1":{"name":"executedFunction","decl":{"start":{"line":19,"column":18},"end":{"line":19,"column":34}},"loc":{"start":{"line":19,"column":44},"end":{"line":29,"column":3}},"line":19},"2":{"name":"(anonymous_2)","decl":{"start":{"line":20,"column":18},"end":{"line":20,"column":19}},"loc":{"start":{"line":20,"column":24},"end":{"line":23,"column":5}},"line":20}},"branchMap":{"0":{"loc":{"start":{"line":25,"column":4},"end":{"line":27,"column":null}},"type":"if","locations":[{"start":{"line":25,"column":4},"end":{"line":27,"column":null}},{"start":{},"end":{}}],"line":25}},"s":{"0":6,"1":119,"2":119,"3":53,"4":32,"5":32,"6":53,"7":15,"8":53},"f":{"0":119,"1":53,"2":32},"b":{"0":[15,38]},"meta":{"lastBranch":1,"lastFunction":3,"lastStatement":9,"seen":{"s:16:24:30:1":0,"f:16:24:16:25":0,"s:17:16:17:20":1,"s:19:2:29:Infinity":2,"f:19:18:19:34":1,"s:20:18:23:5":3,"f:20:18:20:19":2,"s:21:6:21:Infinity":4,"s:22:6:22:Infinity":5,"b:25:4:27:Infinity:undefined:undefined:undefined:undefined":0,"s:25:4:27:Infinity":6,"s:26:6:26:Infinity":7,"s:28:4:28:Infinity":8}}}
}
